
*** Running vivado
    with args -log design_1_processing_system7_0_0.vds -m64 -product Vivado -mode batch -messageDb vivado.pb -notrace -source design_1_processing_system7_0_0.tcl


****** Vivado v2016.3 (64-bit)
  **** SW Build 1682563 on Mon Oct 10 19:07:26 MDT 2016
  **** IP Build 1681267 on Mon Oct 10 21:28:31 MDT 2016
    ** Copyright 1986-2016 Xilinx, Inc. All Rights Reserved.

source design_1_processing_system7_0_0.tcl -notrace
Starting RTL Elaboration : Time (s): cpu = 00:00:08 ; elapsed = 00:00:09 . Memory (MB): peak = 1066.676 ; gain = 163.301 ; free physical = 605 ; free virtual = 18862
INFO: [Synth 8-638] synthesizing module 'design_1_processing_system7_0_0' [/home/stefan/PWM/PWM.srcs/sources_1/bd/design_1/ip/design_1_processing_system7_0_0/synth/design_1_processing_system7_0_0.v:60]
INFO: [Synth 8-638] synthesizing module 'processing_system7_v5_5_processing_system7' [/home/stefan/PWM/PWM.srcs/sources_1/bd/design_1/ip/design_1_processing_system7_0_0/hdl/verilog/processing_system7_v5_5_processing_system7.v:161]
INFO: [Synth 8-638] synthesizing module 'BUFG' [/home/stefan/HDD/Vivado/2016.3/scripts/rt/data/unisim_comp.v:607]
INFO: [Synth 8-256] done synthesizing module 'BUFG' (1#1) [/home/stefan/HDD/Vivado/2016.3/scripts/rt/data/unisim_comp.v:607]
INFO: [Synth 8-638] synthesizing module 'BIBUF' [/home/stefan/HDD/Vivado/2016.3/scripts/rt/data/unisim_comp.v:268]
INFO: [Synth 8-256] done synthesizing module 'BIBUF' (2#1) [/home/stefan/HDD/Vivado/2016.3/scripts/rt/data/unisim_comp.v:268]
INFO: [Synth 8-638] synthesizing module 'PS7' [/home/stefan/HDD/Vivado/2016.3/scripts/rt/data/unisim_comp.v:33182]
INFO: [Synth 8-256] done synthesizing module 'PS7' (3#1) [/home/stefan/HDD/Vivado/2016.3/scripts/rt/data/unisim_comp.v:33182]
INFO: [Synth 8-256] done synthesizing module 'processing_system7_v5_5_processing_system7' (4#1) [/home/stefan/PWM/PWM.srcs/sources_1/bd/design_1/ip/design_1_processing_system7_0_0/hdl/verilog/processing_system7_v5_5_processing_system7.v:161]
INFO: [Synth 8-256] done synthesizing module 'design_1_processing_system7_0_0' (5#1) [/home/stefan/PWM/PWM.srcs/sources_1/bd/design_1/ip/design_1_processing_system7_0_0/synth/design_1_processing_system7_0_0.v:60]
Finished RTL Elaboration : Time (s): cpu = 00:00:09 ; elapsed = 00:00:10 . Memory (MB): peak = 1108.145 ; gain = 204.770 ; free physical = 558 ; free virtual = 18817
Finished RTL Optimization Phase 1 : Time (s): cpu = 00:00:10 ; elapsed = 00:00:10 . Memory (MB): peak = 1108.145 ; gain = 204.770 ; free physical = 550 ; free virtual = 18809
INFO: [Device 21-403] Loading part xc7z010clg225-1
Constraint Validation Runtime : Time (s): cpu = 00:00:00.03 ; elapsed = 00:00:00.04 . Memory (MB): peak = 1360.043 ; gain = 0.000 ; free physical = 319 ; free virtual = 18625
Finished Constraint Validation : Time (s): cpu = 00:00:21 ; elapsed = 00:00:24 . Memory (MB): peak = 1360.043 ; gain = 456.668 ; free physical = 310 ; free virtual = 18616
Finished Loading Part and Timing Information : Time (s): cpu = 00:00:21 ; elapsed = 00:00:24 . Memory (MB): peak = 1360.043 ; gain = 456.668 ; free physical = 310 ; free virtual = 18617
Finished applying 'set_property' XDC Constraints : Time (s): cpu = 00:00:21 ; elapsed = 00:00:24 . Memory (MB): peak = 1360.043 ; gain = 456.668 ; free physical = 310 ; free virtual = 18617
Finished RTL Optimization Phase 2 : Time (s): cpu = 00:00:21 ; elapsed = 00:00:25 . Memory (MB): peak = 1360.043 ; gain = 456.668 ; free physical = 302 ; free virtual = 18609
Finished Cross Boundary and Area Optimization : Time (s): cpu = 00:00:22 ; elapsed = 00:00:25 . Memory (MB): peak = 1360.043 ; gain = 456.668 ; free physical = 276 ; free virtual = 18583
Finished Applying XDC Timing Constraints : Time (s): cpu = 00:00:31 ; elapsed = 00:00:35 . Memory (MB): peak = 1528.043 ; gain = 624.668 ; free physical = 175 ; free virtual = 18386
Finished Timing Optimization : Time (s): cpu = 00:00:31 ; elapsed = 00:00:35 . Memory (MB): peak = 1548.051 ; gain = 644.676 ; free physical = 155 ; free virtual = 18365
Finished Technology Mapping : Time (s): cpu = 00:00:33 ; elapsed = 00:00:36 . Memory (MB): peak = 1556.059 ; gain = 652.684 ; free physical = 147 ; free virtual = 18358
Finished IO Insertion : Time (s): cpu = 00:00:34 ; elapsed = 00:00:38 . Memory (MB): peak = 1556.059 ; gain = 652.684 ; free physical = 138 ; free virtual = 18349
Finished Renaming Generated Instances : Time (s): cpu = 00:00:34 ; elapsed = 00:00:38 . Memory (MB): peak = 1556.059 ; gain = 652.684 ; free physical = 138 ; free virtual = 18349
Finished Rebuilding User Hierarchy : Time (s): cpu = 00:00:34 ; elapsed = 00:00:38 . Memory (MB): peak = 1556.059 ; gain = 652.684 ; free physical = 138 ; free virtual = 18349
Finished Renaming Generated Ports : Time (s): cpu = 00:00:34 ; elapsed = 00:00:38 . Memory (MB): peak = 1556.059 ; gain = 652.684 ; free physical = 138 ; free virtual = 18349
Finished Handling Custom Attributes : Time (s): cpu = 00:00:34 ; elapsed = 00:00:38 . Memory (MB): peak = 1556.059 ; gain = 652.684 ; free physical = 138 ; free virtual = 18349
Finished Renaming Generated Nets : Time (s): cpu = 00:00:34 ; elapsed = 00:00:38 . Memory (MB): peak = 1556.059 ; gain = 652.684 ; free physical = 138 ; free virtual = 18349

Report Cell Usage: 
+------+------+------+
|      |Cell  |Count |
+------+------+------+
|1     |BIBUF |    86|
|2     |BUFG  |     2|
|3     |LUT1  |   112|
|4     |PS7   |     1|
+------+------+------+
Finished Writing Synthesis Report : Time (s): cpu = 00:00:34 ; elapsed = 00:00:38 . Memory (MB): peak = 1556.059 ; gain = 652.684 ; free physical = 138 ; free virtual = 18349
synth_design: Time (s): cpu = 00:00:33 ; elapsed = 00:00:37 . Memory (MB): peak = 1567.059 ; gain = 576.965 ; free physical = 163 ; free virtual = 18341
