#-----------------------------------------------------------
# Webtalk v2016.3 (64-bit)
# SW Build 1682563 on Mon Oct 10 19:07:26 MDT 2016
# 
# Start of session at: Wed Nov  2 23:58:19 2016
# Process ID: 19000
# Current directory: /home/stefan/PWM/PWM.sdk/webtalk
# Command line: wbtcv -mode batch -source sdk_webtalk.tcl
# Log file: /home/stefan/PWM/PWM.sdk/webtalk/webtalk.log
# Journal file: /home/stefan/PWM/PWM.sdk/webtalk/webtalk.jou
#-----------------------------------------------------------
source sdk_webtalk.tcl
# webtalk_init -webtalk_dir /home/stefan/PWM/PWM.sdk/webtalk
# webtalk_register_client -client project
# webtalk_add_data -client project -key date_generated -value "2016-11-02 23:58:16" -context "software_version_and_target_device"
# webtalk_add_data -client project -key product_version -value "SDK v2016.3" -context "software_version_and_target_device"
# webtalk_add_data -client project -key build_version -value "2016.3" -context "software_version_and_target_device"
# webtalk_add_data -client project -key os_platform -value "amd64" -context "software_version_and_target_device"
# webtalk_add_data -client project -key registration_id -value "" -context "software_version_and_target_device"
# webtalk_add_data -client project -key tool_flow -value "SDK" -context "software_version_and_target_device"
# webtalk_add_data -client project -key beta -value "false" -context "software_version_and_target_device"
# webtalk_add_data -client project -key route_design -value "NA" -context "software_version_and_target_device"
# webtalk_add_data -client project -key target_family -value "NA" -context "software_version_and_target_device"
# webtalk_add_data -client project -key target_device -value "NA" -context "software_version_and_target_device"
# webtalk_add_data -client project -key target_package -value "NA" -context "software_version_and_target_device"
# webtalk_add_data -client project -key target_speed -value "NA" -context "software_version_and_target_device"
# webtalk_add_data -client project -key random_id -value "60e096c7qlfbiej22kbr6uplt7" -context "software_version_and_target_device"
# webtalk_add_data -client project -key project_id -value "2016.3_2" -context "software_version_and_target_device"
# webtalk_add_data -client project -key project_iteration -value "2" -context "software_version_and_target_device"
# webtalk_add_data -client project -key os_name -value "Arch" -context "user_environment"
# webtalk_add_data -client project -key os_release -value "Arch Linux" -context "user_environment"
# webtalk_add_data -client project -key cpu_name -value "Intel(R) Core(TM) i7-4712MQ CPU @ 2.30GHz" -context "user_environment"
# webtalk_add_data -client project -key cpu_speed -value "2299.859 MHz" -context "user_environment"
# webtalk_add_data -client project -key total_processors -value "1" -context "user_environment"
# webtalk_add_data -client project -key system_ram -value "12,000 GB" -context "user_environment"
# webtalk_register_client -client sdk
# webtalk_add_data -client sdk -key uid -value "1478092310000" -context "sdk\\\\hardware/1478092310000"
# webtalk_add_data -client sdk -key isZynq -value "true" -context "sdk\\\\hardware/1478092310000"
# webtalk_add_data -client sdk -key isZynqMP -value "false" -context "sdk\\\\hardware/1478092310000"
# webtalk_add_data -client sdk -key Processors -value "2" -context "sdk\\\\hardware/1478092310000"
# webtalk_add_data -client sdk -key VivadoVersion -value "2016.3" -context "sdk\\\\hardware/1478092310000"
# webtalk_add_data -client sdk -key Arch -value "zynq" -context "sdk\\\\hardware/1478092310000"
# webtalk_add_data -client sdk -key Device -value "7z010" -context "sdk\\\\hardware/1478092310000"
# webtalk_add_data -client sdk -key IsHandoff -value "true" -context "sdk\\\\hardware/1478092310000"
# webtalk_add_data -client sdk -key os -value "NA" -context "sdk\\\\hardware/1478092310000"
# webtalk_add_data -client sdk -key apptemplate -value "NA" -context "sdk\\\\hardware/1478092310000"
# webtalk_add_data -client sdk -key RecordType -value "HWCreation" -context "sdk\\\\hardware/1478092310000"
# webtalk_add_data -client sdk -key uid -value "1478092445000" -context "sdk\\\\bsp/1478092445000"
# webtalk_add_data -client sdk -key hwid -value "1478092019000" -context "sdk\\\\bsp/1478092445000"
# webtalk_add_data -client sdk -key os -value "standalone" -context "sdk\\\\bsp/1478092445000"
# webtalk_add_data -client sdk -key apptemplate -value "empty_application" -context "sdk\\\\bsp/1478092445000"
# webtalk_add_data -client sdk -key RecordType -value "BSPCreation" -context "sdk\\\\bsp/1478092445000"
# webtalk_add_data -client sdk -key uid -value "1478092445000" -context "sdk\\\\application/1478092445000"
# webtalk_add_data -client sdk -key hwid -value "1478092019000" -context "sdk\\\\application/1478092445000"
# webtalk_add_data -client sdk -key bspid -value "1478092445000" -context "sdk\\\\application/1478092445000"
# webtalk_add_data -client sdk -key newbsp -value "true" -context "sdk\\\\application/1478092445000"
# webtalk_add_data -client sdk -key os -value "standalone" -context "sdk\\\\application/1478092445000"
# webtalk_add_data -client sdk -key apptemplate -value "empty_application" -context "sdk\\\\application/1478092445000"
# webtalk_add_data -client sdk -key RecordType -value "APPCreation" -context "sdk\\\\application/1478092445000"
# webtalk_add_data -client sdk -key LangUsed -value "C" -context "sdk\\\\application/1478092445000"
# webtalk_add_data -client sdk -key Procused -value "ps7_cortexa9" -context "sdk\\\\application/1478092445000"
# webtalk_add_data -client sdk -key uid -value "NA" -context "sdk\\\\bsp/1478127496195"
# webtalk_add_data -client sdk -key RecordType -value "ToolUsage" -context "sdk\\\\bsp/1478127496195"
# webtalk_add_data -client sdk -key BootgenCount -value "0" -context "sdk\\\\bsp/1478127496195"
# webtalk_add_data -client sdk -key DebugCount -value "1" -context "sdk\\\\bsp/1478127496195"
# webtalk_add_data -client sdk -key PerfCount -value "0" -context "sdk\\\\bsp/1478127496195"
# webtalk_add_data -client sdk -key FlashCount -value "0" -context "sdk\\\\bsp/1478127496195"
# webtalk_add_data -client sdk -key CrossTriggCount -value "0" -context "sdk\\\\bsp/1478127496195"
# webtalk_add_data -client sdk -key QemuDebugCount -value "0" -context "sdk\\\\bsp/1478127496195"
# webtalk_transmit -clientid 1298460780 -regid "" -xml /home/stefan/PWM/PWM.sdk/webtalk/usage_statistics_ext_sdk.xml -html /home/stefan/PWM/PWM.sdk/webtalk/usage_statistics_ext_sdk.html -wdm /home/stefan/PWM/PWM.sdk/webtalk/sdk_webtalk.wdm -intro "<H3>SDK Usage Report</H3><BR>"
# webtalk_terminate
INFO: [Common 17-206] Exiting Webtalk at Wed Nov  2 23:58:22 2016...
