Copyright 1986-2016 Xilinx, Inc. All Rights Reserved.
---------------------------------------------------------------------------------------------------------------------------------------
| Tool Version : Vivado v.2016.3 (lin64) Build 1682563 Mon Oct 10 19:07:26 MDT 2016
| Date         : Wed Nov 16 12:19:23 2016
| Host         : Leviathan running 64-bit Arch Linux
| Command      : report_methodology -file design_1_wrapper_methodology_drc_routed.rpt -rpx design_1_wrapper_methodology_drc_routed.rpx
| Design       : design_1_wrapper
| Device       : xc7z010clg225-1
| Speed File   : -1
| Design State : Routed
---------------------------------------------------------------------------------------------------------------------------------------

Report Methodology

Table of Contents
-----------------
1. REPORT SUMMARY
2. REPORT DETAILS

1. REPORT SUMMARY
-----------------
            Netlist: netlist
          Floorplan: design_1
      Design limits: <entire design considered>
             Max violations: <unlimited>
             Violations found: 47
+-----------+----------+-------------------------------+------------+
| Rule      | Severity | Description                   | Violations |
+-----------+----------+-------------------------------+------------+
| TIMING-17 | Warning  | Non-clocked sequential cell   | 33         |
| TIMING-18 | Warning  | Missing input or output delay | 14         |
+-----------+----------+-------------------------------+------------+

2. REPORT DETAILS
-----------------
TIMING-17#1 Warning
Non-clocked sequential cell  
The clock pin design_1_i/PWM_generator_0/U0/count_direction_reg/C is not reached by a timing clock
Related violations: <none>

TIMING-17#2 Warning
Non-clocked sequential cell  
The clock pin design_1_i/PWM_generator_0/U0/count_reg[0]/C is not reached by a timing clock
Related violations: <none>

TIMING-17#3 Warning
Non-clocked sequential cell  
The clock pin design_1_i/PWM_generator_0/U0/count_reg[10]/C is not reached by a timing clock
Related violations: <none>

TIMING-17#4 Warning
Non-clocked sequential cell  
The clock pin design_1_i/PWM_generator_0/U0/count_reg[11]/C is not reached by a timing clock
Related violations: <none>

TIMING-17#5 Warning
Non-clocked sequential cell  
The clock pin design_1_i/PWM_generator_0/U0/count_reg[12]/C is not reached by a timing clock
Related violations: <none>

TIMING-17#6 Warning
Non-clocked sequential cell  
The clock pin design_1_i/PWM_generator_0/U0/count_reg[13]/C is not reached by a timing clock
Related violations: <none>

TIMING-17#7 Warning
Non-clocked sequential cell  
The clock pin design_1_i/PWM_generator_0/U0/count_reg[14]/C is not reached by a timing clock
Related violations: <none>

TIMING-17#8 Warning
Non-clocked sequential cell  
The clock pin design_1_i/PWM_generator_0/U0/count_reg[15]/C is not reached by a timing clock
Related violations: <none>

TIMING-17#9 Warning
Non-clocked sequential cell  
The clock pin design_1_i/PWM_generator_0/U0/count_reg[16]/C is not reached by a timing clock
Related violations: <none>

TIMING-17#10 Warning
Non-clocked sequential cell  
The clock pin design_1_i/PWM_generator_0/U0/count_reg[17]/C is not reached by a timing clock
Related violations: <none>

TIMING-17#11 Warning
Non-clocked sequential cell  
The clock pin design_1_i/PWM_generator_0/U0/count_reg[18]/C is not reached by a timing clock
Related violations: <none>

TIMING-17#12 Warning
Non-clocked sequential cell  
The clock pin design_1_i/PWM_generator_0/U0/count_reg[19]/C is not reached by a timing clock
Related violations: <none>

TIMING-17#13 Warning
Non-clocked sequential cell  
The clock pin design_1_i/PWM_generator_0/U0/count_reg[1]/C is not reached by a timing clock
Related violations: <none>

TIMING-17#14 Warning
Non-clocked sequential cell  
The clock pin design_1_i/PWM_generator_0/U0/count_reg[20]/C is not reached by a timing clock
Related violations: <none>

TIMING-17#15 Warning
Non-clocked sequential cell  
The clock pin design_1_i/PWM_generator_0/U0/count_reg[21]/C is not reached by a timing clock
Related violations: <none>

TIMING-17#16 Warning
Non-clocked sequential cell  
The clock pin design_1_i/PWM_generator_0/U0/count_reg[22]/C is not reached by a timing clock
Related violations: <none>

TIMING-17#17 Warning
Non-clocked sequential cell  
The clock pin design_1_i/PWM_generator_0/U0/count_reg[23]/C is not reached by a timing clock
Related violations: <none>

TIMING-17#18 Warning
Non-clocked sequential cell  
The clock pin design_1_i/PWM_generator_0/U0/count_reg[24]/C is not reached by a timing clock
Related violations: <none>

TIMING-17#19 Warning
Non-clocked sequential cell  
The clock pin design_1_i/PWM_generator_0/U0/count_reg[25]/C is not reached by a timing clock
Related violations: <none>

TIMING-17#20 Warning
Non-clocked sequential cell  
The clock pin design_1_i/PWM_generator_0/U0/count_reg[26]/C is not reached by a timing clock
Related violations: <none>

TIMING-17#21 Warning
Non-clocked sequential cell  
The clock pin design_1_i/PWM_generator_0/U0/count_reg[27]/C is not reached by a timing clock
Related violations: <none>

TIMING-17#22 Warning
Non-clocked sequential cell  
The clock pin design_1_i/PWM_generator_0/U0/count_reg[28]/C is not reached by a timing clock
Related violations: <none>

TIMING-17#23 Warning
Non-clocked sequential cell  
The clock pin design_1_i/PWM_generator_0/U0/count_reg[29]/C is not reached by a timing clock
Related violations: <none>

TIMING-17#24 Warning
Non-clocked sequential cell  
The clock pin design_1_i/PWM_generator_0/U0/count_reg[2]/C is not reached by a timing clock
Related violations: <none>

TIMING-17#25 Warning
Non-clocked sequential cell  
The clock pin design_1_i/PWM_generator_0/U0/count_reg[30]/C is not reached by a timing clock
Related violations: <none>

TIMING-17#26 Warning
Non-clocked sequential cell  
The clock pin design_1_i/PWM_generator_0/U0/count_reg[31]/C is not reached by a timing clock
Related violations: <none>

TIMING-17#27 Warning
Non-clocked sequential cell  
The clock pin design_1_i/PWM_generator_0/U0/count_reg[3]/C is not reached by a timing clock
Related violations: <none>

TIMING-17#28 Warning
Non-clocked sequential cell  
The clock pin design_1_i/PWM_generator_0/U0/count_reg[4]/C is not reached by a timing clock
Related violations: <none>

TIMING-17#29 Warning
Non-clocked sequential cell  
The clock pin design_1_i/PWM_generator_0/U0/count_reg[5]/C is not reached by a timing clock
Related violations: <none>

TIMING-17#30 Warning
Non-clocked sequential cell  
The clock pin design_1_i/PWM_generator_0/U0/count_reg[6]/C is not reached by a timing clock
Related violations: <none>

TIMING-17#31 Warning
Non-clocked sequential cell  
The clock pin design_1_i/PWM_generator_0/U0/count_reg[7]/C is not reached by a timing clock
Related violations: <none>

TIMING-17#32 Warning
Non-clocked sequential cell  
The clock pin design_1_i/PWM_generator_0/U0/count_reg[8]/C is not reached by a timing clock
Related violations: <none>

TIMING-17#33 Warning
Non-clocked sequential cell  
The clock pin design_1_i/PWM_generator_0/U0/count_reg[9]/C is not reached by a timing clock
Related violations: <none>

TIMING-18#1 Warning
Missing input or output delay  
An input delay is missing on MOTOR_BTN_IN relative to clock(s) clk_fpga_1 
Related violations: <none>

TIMING-18#2 Warning
Missing input or output delay  
An input delay is missing on SW_A_in relative to clock(s) clk_fpga_1 
Related violations: <none>

TIMING-18#3 Warning
Missing input or output delay  
An input delay is missing on SW_B_in relative to clock(s) clk_fpga_1 
Related violations: <none>

TIMING-18#4 Warning
Missing input or output delay  
An input delay is missing on reset_in relative to clock(s) clk_fpga_1 
Related violations: <none>

TIMING-18#5 Warning
Missing input or output delay  
An output delay is missing on MOTOR_INHIBIT relative to clock(s) clk_fpga_1 
Related violations: <none>

TIMING-18#6 Warning
Missing input or output delay  
An output delay is missing on MOTOR_OUT relative to clock(s) clk_fpga_1 
Related violations: <none>

TIMING-18#7 Warning
Missing input or output delay  
An output delay is missing on counter_out[0] relative to clock(s) clk_fpga_1 
Related violations: <none>

TIMING-18#8 Warning
Missing input or output delay  
An output delay is missing on counter_out[1] relative to clock(s) clk_fpga_1 
Related violations: <none>

TIMING-18#9 Warning
Missing input or output delay  
An output delay is missing on counter_out[2] relative to clock(s) clk_fpga_1 
Related violations: <none>

TIMING-18#10 Warning
Missing input or output delay  
An output delay is missing on counter_out[3] relative to clock(s) clk_fpga_1 
Related violations: <none>

TIMING-18#11 Warning
Missing input or output delay  
An output delay is missing on counter_out[4] relative to clock(s) clk_fpga_1 
Related violations: <none>

TIMING-18#12 Warning
Missing input or output delay  
An output delay is missing on counter_out[5] relative to clock(s) clk_fpga_1 
Related violations: <none>

TIMING-18#13 Warning
Missing input or output delay  
An output delay is missing on counter_out[6] relative to clock(s) clk_fpga_1 
Related violations: <none>

TIMING-18#14 Warning
Missing input or output delay  
An output delay is missing on counter_out[7] relative to clock(s) clk_fpga_1 
Related violations: <none>


