Copyright 1986-2016 Xilinx, Inc. All Rights Reserved.
---------------------------------------------------------------------------------------------------------------------------------
| Tool Version : Vivado v.2016.3 (lin64) Build 1682563 Mon Oct 10 19:07:26 MDT 2016
| Date         : Wed Nov 16 15:43:55 2016
| Host         : Leviathan running 64-bit Arch Linux
| Command      : report_drc -file unity_wrapper_drc_routed.rpt -pb unity_wrapper_drc_routed.pb -rpx unity_wrapper_drc_routed.rpx
| Design       : unity_wrapper
| Device       : xc7z010clg225-1
| Speed File   : -1
| Design State : Routed
---------------------------------------------------------------------------------------------------------------------------------

Report DRC

Table of Contents
-----------------
1. REPORT SUMMARY
2. REPORT DETAILS

1. REPORT SUMMARY
-----------------
            Netlist: netlist
          Floorplan: design_1
      Design limits: <entire design considered>
           Ruledeck: default
             Max violations: <unlimited>
             Violations found: 1
+----------+----------+-------------------+------------+
| Rule     | Severity | Description       | Violations |
+----------+----------+-------------------+------------+
| PDRC-153 | Warning  | Gated clock check | 1          |
+----------+----------+-------------------+------------+

2. REPORT DETAILS
-----------------
PDRC-153#1 Warning
Gated clock check  
Net unity_i/unity_ctrl_0/U0/mem_data_in_reg[3]_i_1_n_0 is a gated clock net sourced by a combinational pin unity_i/unity_ctrl_0/U0/mem_data_in_reg[3]_i_1/O, cell unity_i/unity_ctrl_0/U0/mem_data_in_reg[3]_i_1. This is not good design practice and will likely impact performance. For SLICE registers, for example, use the CE pin to control the loading of data.
Related violations: <none>


