Copyright 1986-2016 Xilinx, Inc. All Rights Reserved.
------------------------------------------------------------------------------------------
| Tool Version : Vivado v.2016.3 (lin64) Build 1682563 Mon Oct 10 19:07:26 MDT 2016
| Date         : Wed Nov 16 15:42:32 2016
| Host         : Leviathan running 64-bit Arch Linux
| Command      : report_control_sets -verbose -file unity_wrapper_control_sets_placed.rpt
| Design       : unity_wrapper
| Device       : xc7z010
------------------------------------------------------------------------------------------

Control Set Information

Table of Contents
-----------------
1. Summary
2. Flip-Flop Distribution
3. Detailed Control Set Information

1. Summary
----------

+----------------------------------------------------------+-------+
|                          Status                          | Count |
+----------------------------------------------------------+-------+
| Number of unique control sets                            |    57 |
| Unused register locations in slices containing registers |   104 |
+----------------------------------------------------------+-------+


2. Flip-Flop Distribution
-------------------------

+--------------+-----------------------+------------------------+-----------------+--------------+
| Clock Enable | Synchronous Set/Reset | Asynchronous Set/Reset | Total Registers | Total Slices |
+--------------+-----------------------+------------------------+-----------------+--------------+
| No           | No                    | No                     |             100 |           55 |
| No           | No                    | Yes                    |              18 |            6 |
| No           | Yes                   | No                     |              22 |            5 |
| Yes          | No                    | No                     |             169 |           96 |
| Yes          | No                    | Yes                    |              28 |           15 |
| Yes          | Yes                   | No                     |             127 |           38 |
+--------------+-----------------------+------------------------+-----------------+--------------+


3. Detailed Control Set Information
-----------------------------------

+----------------------------------------------------------------+--------------------------------------------------------------------------------------------------------------------------------------------------------------------------------------+----------------------------------------------------------------------------------------------------------------------------------------------------------------------------------+------------------+----------------+
|                          Clock Signal                          |                                                                                     Enable Signal                                                                                    |                                                                                 Set/Reset Signal                                                                                 | Slice Load Count | Bel Load Count |
+----------------------------------------------------------------+--------------------------------------------------------------------------------------------------------------------------------------------------------------------------------------+----------------------------------------------------------------------------------------------------------------------------------------------------------------------------------+------------------+----------------+
|  unity_i/unity_ctrl_0/U0/mem_data_in_reg[3]_i_1_n_0            |                                                                                                                                                                                      |                                                                                                                                                                                  |                1 |              3 |
|  unity_i/unity_ctrl_0/U0/UNITY/ZYNQ_GEN.zynq_clk_mmcm_n_4_BUFG | unity_i/unity_ctrl_0/U0/UNITY/uart_wb_link_inst/uart_gab_link_inst/gab_link_al_fsm_inst/SUB_GEN.subscription_manager_inst/SG_GEN[0].sg/data_cnt_reg_reg[4]_1                         |                                                                                                                                                                                  |                1 |              4 |
|  unity_i/unity_ctrl_0/U0/UNITY/clk_uart_BUFG                   | unity_i/unity_ctrl_0/U0/UNITY/uart_wb_link_inst/uart_gab_link_inst/uart_inst/uart_tx_inst/t_cnt_reg[3]_i_1_n_0                                                                       |                                                                                                                                                                                  |                1 |              4 |
|  unity_i/unity_ctrl_0/U0/UNITY/ZYNQ_GEN.zynq_clk_mmcm_n_4_BUFG | unity_i/unity_ctrl_0/U0/UNITY/uart_wb_link_inst/uart_gab_link_inst/uart_gab_link_dl_inst/uart_gab_link_dl_ascii_dec_inst/bin_reg[7]_i_1__0_n_0                                       |                                                                                                                                                                                  |                2 |              4 |
|  unity_i/unity_ctrl_0/U0/UNITY/ZYNQ_GEN.zynq_clk_mmcm_n_4_BUFG | unity_i/unity_ctrl_0/U0/UNITY/uart_wb_link_inst/uart_gab_link_inst/uart_gab_link_dl_inst/uart_gab_link_dl_ascii_dec_inst/bin_reg[3]_i_1__0_n_0                                       |                                                                                                                                                                                  |                2 |              4 |
|  unity_i/unity_ctrl_0/U0/UNITY/clk_uart_BUFG                   | unity_i/unity_ctrl_0/U0/UNITY/uart_wb_link_inst/uart_gab_link_inst/uart_inst/uart_rx_inst/t_cnt_reg[3]_i_2_n_0                                                                       | unity_i/unity_ctrl_0/U0/UNITY/uart_wb_link_inst/uart_gab_link_inst/uart_gab_link_dl_inst/FULL_DL_RX_GEN.uart_gab_link_dl_rx_fsm_inst/data_reg_reg[0]_0                           |                1 |              4 |
|  unity_i/unity_ctrl_0/U0/UNITY/ZYNQ_GEN.zynq_clk_mmcm_n_4_BUFG | unity_i/unity_ctrl_0/U0/UNITY/uart_wb_link_inst/uart_gab_link_inst/gab_link_al_fsm_inst/SUB_GEN.subscription_manager_inst/SG_GEN[1].sg/E[0]                                          | unity_i/unity_ctrl_0/U0/UNITY/uart_wb_link_inst/uart_gab_link_inst/gab_link_al_fsm_inst/SUB_GEN.subscription_manager_inst/clear                                                  |                1 |              4 |
|  unity_i/unity_ctrl_0/U0/UNITY/ZYNQ_GEN.zynq_clk_mmcm_n_4_BUFG | unity_i/unity_ctrl_0/U0/UNITY/uart_wb_link_inst/uart_gab_link_inst/gab_link_al_fsm_inst/SUB_GEN.subscription_manager_inst/SG_GEN[1].sg/data_cnt_reg_reg[4]_0                         |                                                                                                                                                                                  |                2 |              4 |
|  unity_i/unity_ctrl_0/U0/UNITY/ZYNQ_GEN.zynq_clk_mmcm_n_4_BUFG | unity_i/unity_ctrl_0/U0/UNITY/uart_wb_link_inst/uart_gab_link_inst/uart_gab_link_dl_inst/uart_gab_link_dl_tx_fsm_inst/CHECKSUM_CRC_GEN.checksum_crc8/FSM_sequential_state_reg_reg[0] |                                                                                                                                                                                  |                3 |              4 |
|  unity_i/unity_ctrl_0/U0/UNITY/ZYNQ_GEN.zynq_clk_mmcm_n_4_BUFG | unity_i/unity_ctrl_0/U0/UNITY/uart_wb_link_inst/uart_gab_link_inst/uart_gab_link_dl_inst/FULL_DL_TX_GEN.txfifo_a_inst/regfile/E[0]                                                   |                                                                                                                                                                                  |                1 |              5 |
|  unity_i/unity_ctrl_0/U0/UNITY/ZYNQ_GEN.zynq_clk_mmcm_n_4_BUFG | unity_i/unity_ctrl_0/U0/UNITY/uart_wb_link_inst/uart_gab_link_inst/uart_gab_link_dl_inst/FULL_DL_RX_GEN.uart_gab_link_dl_rx_fsm_inst/FSM_sequential_state_reg[4]_i_1_n_0             |                                                                                                                                                                                  |                3 |              5 |
|  unity_i/unity_ctrl_0/U0/UNITY/ZYNQ_GEN.zynq_clk_mmcm_n_4_BUFG | unity_i/unity_ctrl_0/U0/UNITY/uart_wb_link_inst/uart_gab_link_inst/gab_link_al_fsm_inst/wr_cnt_nxt                                                                                   |                                                                                                                                                                                  |                2 |              5 |
|  unity_i/unity_ctrl_0/U0/UNITY/ZYNQ_GEN.zynq_clk_mmcm_n_4_BUFG | unity_i/unity_ctrl_0/U0/UNITY/uart_wb_link_inst/uart_gab_link_inst/gab_link_al_fsm_inst/SUB_GEN.subscription_manager_inst/SG_GEN[1].sg/rd_cnt_nxt                                    |                                                                                                                                                                                  |                5 |              5 |
|  unity_i/unity_ctrl_0/U0/UNITY/ZYNQ_GEN.zynq_clk_mmcm_n_4_BUFG | unity_i/unity_ctrl_0/U0/UNITY/uart_wb_link_inst/uart_gab_link_inst/gab_link_al_fsm_inst/SUB_GEN.subscription_manager_inst/SG_GEN[1].sg/mux1_out[1]                                   |                                                                                                                                                                                  |                2 |              6 |
|  unity_i/unity_ctrl_0/U0/UNITY/ZYNQ_GEN.zynq_clk_mmcm_n_4_BUFG | unity_i/unity_ctrl_0/U0/UNITY/uart_wb_link_inst/uart_gab_link_inst/gab_link_al_fsm_inst/SUB_GEN.subscription_manager_inst/SG_GEN[0].sg/mux1_out[0]                                   |                                                                                                                                                                                  |                2 |              6 |
|  unity_i/unity_ctrl_0/U0/UNITY/ZYNQ_GEN.zynq_clk_mmcm_n_4_BUFG | unity_i/unity_ctrl_0/U0/UNITY/uart_wb_link_inst/uart_gab_link_inst/uart_gab_link_dl_inst/uart_gab_link_dl_ascii_enc_inst/ascii_hb_reg[6]_i_1_n_0                                     |                                                                                                                                                                                  |                3 |              6 |
|  unity_i/unity_ctrl_0/U0/UNITY/ZYNQ_GEN.zynq_clk_mmcm_n_4_BUFG | unity_i/unity_ctrl_0/U0/UNITY/uart_wb_link_inst/uart_gab_link_inst/uart_gab_link_dl_inst/uart_gab_link_dl_ascii_enc_inst/ascii_lb_nxt                                                |                                                                                                                                                                                  |                2 |              6 |
|  unity_i/processing_system7_0/inst/FCLK_CLK1                   | unity_i/unity_ctrl_0/U0/Umem_addr_i[5]_i_1_n_0                                                                                                                                       |                                                                                                                                                                                  |                2 |              6 |
|  unity_i/unity_ctrl_0/U0/UNITY/ZYNQ_GEN.zynq_clk_mmcm_n_4_BUFG | unity_i/unity_ctrl_0/U0/UNITY/uart_wb_link_inst/uart_gab_link_inst/uart_gab_link_dl_inst/FULL_DL_RX_GEN.uart_gab_link_dl_rx_fsm_inst/ramwr_0                                         | unity_i/unity_ctrl_0/U0/UNITY/uart_wb_link_inst/uart_gab_link_inst/uart_gab_link_dl_inst/FULL_DL_RX_GEN.uart_gab_link_dl_rx_fsm_inst/w_ptr_reg_reg[6][0]                         |                3 |              7 |
|  unity_i/unity_ctrl_0/U0/UNITY/ZYNQ_GEN.zynq_clk_mmcm_n_4_BUFG | unity_i/unity_ctrl_0/U0/UNITY/uart_wb_link_inst/uart_gab_link_inst/gab_link_al_fsm_inst/length_nxt                                                                                   | unity_i/unity_ctrl_0/U0/UNITY/uart_wb_link_inst/uart_gab_link_inst/gab_link_al_fsm_inst/length_reg[7]_i_1_n_0                                                                    |                2 |              7 |
|  unity_i/unity_ctrl_0/U0/UNITY/ZYNQ_GEN.zynq_clk_mmcm_n_4_BUFG | unity_i/unity_ctrl_0/U0/UNITY/uart_wb_link_inst/uart_gab_link_inst/uart_gab_link_dl_inst/FULL_DL_RX_GEN.uart_gab_link_dl_rx_fsm_inst/ramwr                                           | unity_i/unity_ctrl_0/U0/UNITY/uart_wb_link_inst/uart_gab_link_inst/uart_gab_link_dl_inst/FULL_DL_RX_GEN.uart_gab_link_dl_rx_fsm_inst/AR[0]                                       |                4 |              7 |
|  unity_i/unity_ctrl_0/U0/UNITY/ZYNQ_GEN.zynq_clk_mmcm_n_4_BUFG | unity_i/unity_ctrl_0/U0/UNITY/uart_wb_link_inst/uart_gab_link_inst/uart_gab_link_dl_inst/FULL_DL_TX_GEN.txfifo_a_inst/regfile/head_nxt                                               | unity_i/unity_ctrl_0/U0/UNITY/uart_wb_link_inst/uart_gab_link_inst/uart_gab_link_dl_inst/uart_gab_link_dl_tx_fsm_inst/head_reg[7]_i_1_n_0                                        |                4 |              7 |
|  unity_i/unity_ctrl_0/U0/UNITY/ZYNQ_GEN.zynq_clk_mmcm_n_4_BUFG | unity_i/unity_ctrl_0/U0/UNITY/uart_wb_link_inst/uart_gab_link_inst/gab_link_al_fsm_inst/SUB_GEN.subscription_manager_inst/SG_GEN[0].sg/r_ptr_reg_reg[6][0]                           | unity_i/unity_ctrl_0/U0/UNITY/uart_wb_link_inst/uart_gab_link_inst/uart_gab_link_dl_inst/FULL_DL_RX_GEN.uart_gab_link_dl_rx_fsm_inst/w_ptr_reg_reg[6][0]                         |                4 |              7 |
|  unity_i/unity_ctrl_0/U0/UNITY/ZYNQ_GEN.zynq_clk_mmcm_n_4_BUFG | unity_i/unity_ctrl_0/U0/UNITY/uart_wb_link_inst/uart_gab_link_inst/gab_link_al_fsm_inst/SUB_GEN.subscription_manager_inst/SG_GEN[0].sg/E[0]                                          | unity_i/unity_ctrl_0/U0/UNITY/uart_wb_link_inst/uart_gab_link_inst/uart_gab_link_dl_inst/FULL_DL_RX_GEN.uart_gab_link_dl_rx_fsm_inst/AR[0]                                       |                4 |              7 |
|  unity_i/unity_ctrl_0/U0/UNITY/ZYNQ_GEN.zynq_clk_mmcm_n_4_BUFG | unity_i/unity_ctrl_0/U0/UNITY/uart_wb_link_inst/uart_gab_link_inst/gab_link_al_fsm_inst/databuffer_nxt[31]                                                                           |                                                                                                                                                                                  |                7 |              8 |
|  unity_i/unity_ctrl_0/U0/UNITY/ZYNQ_GEN.zynq_clk_mmcm_n_4_BUFG | unity_i/unity_ctrl_0/U0/UNITY/uart_wb_link_inst/uart_gab_link_inst/gab_link_al_fsm_inst/databuffer_nxt[23]                                                                           |                                                                                                                                                                                  |                6 |              8 |
|  unity_i/unity_ctrl_0/U0/UNITY/ZYNQ_GEN.zynq_clk_mmcm_n_4_BUFG | unity_i/unity_ctrl_0/U0/UNITY/uart_wb_link_inst/uart_gab_link_inst/gab_link_al_fsm_inst/databuffer_nxt[7]                                                                            |                                                                                                                                                                                  |                7 |              8 |
|  unity_i/unity_ctrl_0/U0/UNITY/clk_uart_BUFG                   | unity_i/unity_ctrl_0/U0/UNITY/uart_wb_link_inst/uart_gab_link_inst/uart_inst/uart_tx_inst/data_reg[7]_i_1__0_n_0                                                                     |                                                                                                                                                                                  |                4 |              8 |
|  unity_i/unity_ctrl_0/U0/UNITY/ZYNQ_GEN.zynq_clk_mmcm_n_4_BUFG | unity_i/unity_ctrl_0/U0/UNITY/uart_wb_link_inst/uart_gab_link_inst/gab_link_al_fsm_inst/databuffer_nxt[15]                                                                           |                                                                                                                                                                                  |                7 |              8 |
|  unity_i/unity_ctrl_0/U0/UNITY/ZYNQ_GEN.zynq_clk_mmcm_n_4_BUFG | unity_i/unity_ctrl_0/U0/UNITY/uart_wb_link_inst/uart_gab_link_inst/gab_link_al_fsm_inst/size_nxt                                                                                     |                                                                                                                                                                                  |                2 |              8 |
|  unity_i/unity_ctrl_0/U0/UNITY/ZYNQ_GEN.zynq_clk_mmcm_n_4_BUFG | unity_i/unity_ctrl_0/U0/UNITY/uart_wb_link_inst/uart_gab_link_inst/uart_gab_link_dl_inst/FULL_DL_RX_GEN.uart_gab_link_dl_rx_fsm_inst/head_nxt                                        | unity_i/unity_ctrl_0/U0/UNITY/uart_wb_link_inst/uart_gab_link_inst/uart_gab_link_dl_inst/FULL_DL_RX_GEN.uart_gab_link_dl_rx_fsm_inst/head_reg[7]_i_1_n_0                         |                2 |              8 |
|  unity_i/unity_ctrl_0/U0/UNITY/ZYNQ_GEN.zynq_clk_mmcm_n_4_BUFG | unity_i/unity_ctrl_0/U0/UNITY/uart_wb_link_inst/uart_gab_link_inst/gab_link_al_fsm_inst/vaddr_nxt[5]                                                                                 |                                                                                                                                                                                  |                5 |              8 |
|  unity_i/unity_ctrl_0/U0/UNITY/clk_uart_BUFG                   | unity_i/unity_ctrl_0/U0/UNITY/uart_wb_link_inst/uart_gab_link_inst/uart_inst/uart_rx_inst/data_reg[7]_i_1__1_n_0                                                                     | unity_i/unity_ctrl_0/U0/UNITY/uart_wb_link_inst/uart_gab_link_inst/uart_gab_link_dl_inst/FULL_DL_RX_GEN.uart_gab_link_dl_rx_fsm_inst/data_reg_reg[0]_0                           |                2 |              8 |
|  unity_i/unity_ctrl_0/U0/UNITY/ZYNQ_GEN.zynq_clk_mmcm_n_4_BUFG | unity_i/unity_ctrl_0/U0/UNITY/uart_wb_link_inst/uart_gab_link_inst/uart_gab_link_dl_inst/FULL_DL_RX_GEN.uart_gab_link_dl_rx_fsm_inst/CHECKSUM_CRC_GEN.checksum_crc8/chks_data_vld    | unity_i/unity_ctrl_0/U0/UNITY/uart_wb_link_inst/uart_gab_link_inst/uart_gab_link_dl_inst/FULL_DL_RX_GEN.uart_gab_link_dl_rx_fsm_inst/CHECKSUM_CRC_GEN.checksum_crc8/chks_reset   |                4 |              8 |
|  unity_i/unity_ctrl_0/U0/UNITY/ZYNQ_GEN.zynq_clk_mmcm_n_4_BUFG | unity_i/unity_ctrl_0/U0/UNITY/uart_wb_link_inst/uart_gab_link_inst/uart_gab_link_dl_inst/uart_gab_link_dl_ascii_dec_inst/ascii_reg                                                   | unity_i/unity_ctrl_0/U0/UNITY/uart_wb_link_inst/uart_gab_link_inst/uart_gab_link_dl_inst/uart_gab_link_dl_ascii_dec_inst/ascii_reg[7]_i_1_n_0                                    |                3 |              8 |
|  unity_i/unity_ctrl_0/U0/UNITY/ZYNQ_GEN.zynq_clk_mmcm_n_4_BUFG | unity_i/unity_ctrl_0/U0/UNITY/uart_wb_link_inst/uart_gab_link_inst/uart_gab_link_dl_inst/uart_gab_link_dl_ascii_dec_inst/data_nxt                                                    |                                                                                                                                                                                  |                3 |              8 |
|  unity_i/unity_ctrl_0/U0/UNITY/ZYNQ_GEN.zynq_clk_mmcm_n_4_BUFG | unity_i/unity_ctrl_0/U0/UNITY/uart_wb_link_inst/uart_gab_link_inst/uart_gab_link_dl_inst/uart_gab_link_dl_tx_fsm_inst/CHECKSUM_CRC_GEN.checksum_crc8/bin_reg_reg[0]                  |                                                                                                                                                                                  |                6 |              8 |
|  unity_i/processing_system7_0/inst/FCLK_CLK1                   | unity_i/unity_ctrl_0/U0/leds_buf_o_1                                                                                                                                                 |                                                                                                                                                                                  |                4 |              8 |
|  unity_i/unity_ctrl_0/U0/UNITY/ZYNQ_GEN.zynq_clk_mmcm_n_4_BUFG | unity_i/unity_ctrl_0/U0/UNITY/uart_wb_link_inst/uart_gab_link_inst/gab_link_al_fsm_inst/next_state                                                                                   |                                                                                                                                                                                  |                6 |              9 |
|  unity_i/unity_ctrl_0/U0/UNITY/ZYNQ_GEN.zynq_clk_mmcm_n_4_BUFG | unity_i/unity_ctrl_0/U0/UNITY/uart_wb_link_inst/uart_gab_link_inst/uart_gab_link_dl_inst/uart_gab_link_dl_tx_fsm_inst/CHECKSUM_CRC_GEN.checksum_crc8/chks_data_vld                   | unity_i/unity_ctrl_0/U0/UNITY/uart_wb_link_inst/uart_gab_link_inst/uart_gab_link_dl_inst/uart_gab_link_dl_tx_fsm_inst/CHECKSUM_CRC_GEN.checksum_crc8/chks_reset                  |                3 |              9 |
|  unity_i/unity_ctrl_0/U0/UNITY/ZYNQ_GEN.zynq_clk_mmcm_n_4_BUFG |                                                                                                                                                                                      | unity_i/unity_ctrl_0/U0/UNITY/uart_wb_link_inst/uart_gab_link_inst/uart_gab_link_dl_inst/FULL_DL_RX_GEN.uart_gab_link_dl_rx_fsm_inst/data_reg_reg[0]_0                           |                4 |              9 |
|  unity_i/processing_system7_0/inst/FCLK_CLK1                   |                                                                                                                                                                                      |                                                                                                                                                                                  |                6 |             10 |
|  unity_i/unity_ctrl_0/U0/UNITY/ZYNQ_GEN.zynq_clk_mmcm_n_4_BUFG | unity_i/unity_ctrl_0/U0/UNITY/uart_wb_link_inst/uart_gab_link_inst/uart_gab_link_dl_inst/FULL_DL_RX_GEN.uart_gab_link_dl_rx_fsm_inst/ramwr                                           |                                                                                                                                                                                  |                3 |             12 |
|  unity_i/unity_ctrl_0/U0/UNITY/ZYNQ_GEN.zynq_clk_mmcm_n_4_BUFG | unity_i/unity_ctrl_0/U0/UNITY/uart_wb_link_inst/uart_gab_link_inst/uart_gab_link_dl_inst/FULL_DL_RX_GEN.uart_gab_link_dl_rx_fsm_inst/ramwr_0                                         |                                                                                                                                                                                  |                3 |             12 |
|  unity_i/unity_ctrl_0/U0/UNITY/ZYNQ_GEN.zynq_clk_mmcm_n_4_BUFG | unity_i/unity_ctrl_0/U0/UNITY/uart_wb_link_inst/uart_gab_link_inst/uart_gab_link_dl_inst/FULL_DL_RX_GEN.dual_rxfifo_mux_inst/fifo_1_inst/fifo_ctrl_inst/read_ctrl/error_nxt          |                                                                                                                                                                                  |                8 |             13 |
|  unity_i/unity_ctrl_0/U0/UNITY/clk_uart_BUFG                   |                                                                                                                                                                                      | unity_i/unity_ctrl_0/U0/UNITY/uart_wb_link_inst/uart_gab_link_inst/uart_gab_link_dl_inst/FULL_DL_RX_GEN.uart_gab_link_dl_rx_fsm_inst/data_reg_reg[0]_0                           |                3 |             15 |
|  unity_i/unity_ctrl_0/U0/UNITY/clk_uart_BUFG                   | unity_i/unity_ctrl_0/U0/UNITY/uart_wb_link_inst/uart_gab_link_inst/uart_inst/uart_rx_inst/ramwr                                                                                      |                                                                                                                                                                                  |                2 |             16 |
|  unity_i/unity_ctrl_0/U0/UNITY/ZYNQ_GEN.zynq_clk_mmcm_n_4_BUFG | unity_i/unity_ctrl_0/U0/UNITY/uart_wb_link_inst/uart_gab_link_inst/uart_gab_link_dl_inst/FULL_DL_RX_GEN.uart_gab_link_dl_rx_fsm_inst/w_ptr_reg0                                      |                                                                                                                                                                                  |                2 |             16 |
|  unity_i/unity_ctrl_0/U0/UNITY/ZYNQ_GEN.zynq_clk_mmcm_n_4_BUFG | unity_i/unity_ctrl_0/U0/UNITY/uart_wb_link_inst/uart_gab_link_inst/gab_link_al_fsm_inst/SUB_GEN.subscription_manager_inst/SG_GEN[1].sg/mux5_out[1]                                   | unity_i/unity_ctrl_0/U0/UNITY/uart_wb_link_inst/uart_gab_link_inst/gab_link_al_fsm_inst/SUB_GEN.subscription_manager_inst/SG_GEN[1].sg/rate_reg[15]_i_1__0_n_0                   |                4 |             16 |
|  unity_i/unity_ctrl_0/U0/UNITY/ZYNQ_GEN.zynq_clk_mmcm_n_4_BUFG | unity_i/unity_ctrl_0/U0/UNITY/uart_wb_link_inst/uart_gab_link_inst/gab_link_al_fsm_inst/SUB_GEN.subscription_manager_inst/SG_GEN[1].sg/sync_cnt_reg_reg[15]_0                        | unity_i/unity_ctrl_0/U0/UNITY/uart_wb_link_inst/uart_gab_link_inst/gab_link_al_fsm_inst/SUB_GEN.subscription_manager_inst/SG_GEN[0].sg/sync_cnt_reg0                             |                4 |             16 |
|  unity_i/unity_ctrl_0/U0/UNITY/ZYNQ_GEN.zynq_clk_mmcm_n_4_BUFG | unity_i/unity_ctrl_0/U0/UNITY/uart_wb_link_inst/uart_gab_link_inst/gab_link_al_fsm_inst/SUB_GEN.subscription_manager_inst/SG_GEN[1].sg/sync_cnt_reg[0]_i_1__0_n_0                    | unity_i/unity_ctrl_0/U0/UNITY/uart_wb_link_inst/uart_gab_link_inst/gab_link_al_fsm_inst/SUB_GEN.subscription_manager_inst/SG_GEN[1].sg/sync_cnt_reg0_inferred__0/i__carry__0_n_0 |                4 |             16 |
|  unity_i/unity_ctrl_0/U0/UNITY/ZYNQ_GEN.zynq_clk_mmcm_n_4_BUFG | unity_i/unity_ctrl_0/U0/UNITY/uart_wb_link_inst/uart_gab_link_inst/uart_gab_link_dl_inst/uart_gab_link_dl_ascii_enc_inst/w_ptr_reg_reg[2]                                            |                                                                                                                                                                                  |                2 |             16 |
|  unity_i/unity_ctrl_0/U0/UNITY/ZYNQ_GEN.zynq_clk_mmcm_n_4_BUFG | unity_i/unity_ctrl_0/U0/UNITY/uart_wb_link_inst/uart_gab_link_inst/gab_link_al_fsm_inst/SUB_GEN.subscription_manager_inst/SG_GEN[0].sg/mux5_out[0]                                   | unity_i/unity_ctrl_0/U0/UNITY/uart_wb_link_inst/uart_gab_link_inst/gab_link_al_fsm_inst/SUB_GEN.subscription_manager_inst/SG_GEN[0].sg/rate_reg[15]_i_1_n_0                      |                4 |             16 |
|  unity_i/unity_ctrl_0/U0/UNITY/ZYNQ_GEN.zynq_clk_mmcm_n_4_BUFG |                                                                                                                                                                                      | unity_i/unity_ctrl_0/U0/UNITY/uart_wb_link_inst/uart_gab_link_inst/gab_link_al_fsm_inst/SUB_GEN.subscription_manager_inst/synct_strobe_gen_inst/counter[0]_i_1_n_0               |                4 |             16 |
|  unity_i/unity_ctrl_0/U0/UNITY/ZYNQ_GEN.zynq_clk_mmcm_n_4_BUFG | unity_i/unity_ctrl_0/U0/UNITY/uart_wb_link_inst/uart_gab_link_inst/gab_link_al_fsm_inst/SUB_GEN.subscription_manager_inst/SG_GEN[0].sg/ramwr                                         |                                                                                                                                                                                  |                4 |             21 |
|  unity_i/unity_ctrl_0/U0/UNITY/clk_uart_BUFG                   |                                                                                                                                                                                      |                                                                                                                                                                                  |               10 |             22 |
|  unity_i/unity_ctrl_0/U0/UNITY/ZYNQ_GEN.zynq_clk_mmcm_n_4_BUFG |                                                                                                                                                                                      |                                                                                                                                                                                  |               38 |             65 |
+----------------------------------------------------------------+--------------------------------------------------------------------------------------------------------------------------------------------------------------------------------------+----------------------------------------------------------------------------------------------------------------------------------------------------------------------------------+------------------+----------------+


+--------+-----------------------+
| Fanout | Number of ControlSets |
+--------+-----------------------+
| 3      |                     1 |
| 4      |                     8 |
| 5      |                     4 |
| 6      |                     5 |
| 7      |                     6 |
| 8      |                    14 |
| 9      |                     3 |
| 10     |                     1 |
| 12     |                     2 |
| 13     |                     1 |
| 15     |                     1 |
| 16+    |                    11 |
+--------+-----------------------+


