
*** Running vivado
    with args -log design_1_xlconstant_0_0.vds -m64 -product Vivado -mode batch -messageDb vivado.pb -notrace -source design_1_xlconstant_0_0.tcl


****** Vivado v2016.3 (64-bit)
  **** SW Build 1682563 on Mon Oct 10 19:07:26 MDT 2016
  **** IP Build 1681267 on Mon Oct 10 21:28:31 MDT 2016
    ** Copyright 1986-2016 Xilinx, Inc. All Rights Reserved.

source design_1_xlconstant_0_0.tcl -notrace
Starting Synthesize : Time (s): cpu = 00:00:08 ; elapsed = 00:00:08 . Memory (MB): peak = 1056.668 ; gain = 153.301 ; free physical = 747 ; free virtual = 18850
INFO: [Synth 8-638] synthesizing module 'design_1_xlconstant_0_0' [/home/stefan/PWM/PWM.srcs/sources_1/bd/design_1/ip/design_1_xlconstant_0_0/sim/design_1_xlconstant_0_0.vhd:35]
INFO: [Synth 8-638] synthesizing module 'xlconstant' [/home/stefan/PWM/PWM.srcs/sources_1/bd/design_1/ipshared/e147/xlconstant.vhd:36]
INFO: [Synth 8-256] done synthesizing module 'xlconstant' (1#1) [/home/stefan/PWM/PWM.srcs/sources_1/bd/design_1/ipshared/e147/xlconstant.vhd:36]
INFO: [Synth 8-256] done synthesizing module 'design_1_xlconstant_0_0' (2#1) [/home/stefan/PWM/PWM.srcs/sources_1/bd/design_1/ip/design_1_xlconstant_0_0/sim/design_1_xlconstant_0_0.vhd:35]
Finished Synthesize : Time (s): cpu = 00:00:08 ; elapsed = 00:00:09 . Memory (MB): peak = 1097.137 ; gain = 193.770 ; free physical = 705 ; free virtual = 18808
Finished Constraint Validation : Time (s): cpu = 00:00:08 ; elapsed = 00:00:09 . Memory (MB): peak = 1097.137 ; gain = 193.770 ; free physical = 705 ; free virtual = 18808
Finished Loading Part and Timing Information : Time (s): cpu = 00:00:08 ; elapsed = 00:00:09 . Memory (MB): peak = 1105.141 ; gain = 201.773 ; free physical = 705 ; free virtual = 18808
Finished RTL Optimization Phase 2 : Time (s): cpu = 00:00:08 ; elapsed = 00:00:09 . Memory (MB): peak = 1105.141 ; gain = 201.773 ; free physical = 705 ; free virtual = 18808
INFO: [Device 21-403] Loading part xc7z010clg225-1
Finished Cross Boundary and Area Optimization : Time (s): cpu = 00:00:12 ; elapsed = 00:00:12 . Memory (MB): peak = 1171.461 ; gain = 268.094 ; free physical = 641 ; free virtual = 18744
Finished Timing Optimization : Time (s): cpu = 00:00:12 ; elapsed = 00:00:12 . Memory (MB): peak = 1171.461 ; gain = 268.094 ; free physical = 641 ; free virtual = 18744
Finished Technology Mapping : Time (s): cpu = 00:00:12 ; elapsed = 00:00:12 . Memory (MB): peak = 1179.469 ; gain = 276.102 ; free physical = 634 ; free virtual = 18736
Finished IO Insertion : Time (s): cpu = 00:00:13 ; elapsed = 00:00:13 . Memory (MB): peak = 1179.469 ; gain = 276.102 ; free physical = 634 ; free virtual = 18736
Finished Renaming Generated Instances : Time (s): cpu = 00:00:13 ; elapsed = 00:00:13 . Memory (MB): peak = 1179.469 ; gain = 276.102 ; free physical = 634 ; free virtual = 18736
Finished Rebuilding User Hierarchy : Time (s): cpu = 00:00:13 ; elapsed = 00:00:13 . Memory (MB): peak = 1179.469 ; gain = 276.102 ; free physical = 634 ; free virtual = 18736
Finished Renaming Generated Ports : Time (s): cpu = 00:00:13 ; elapsed = 00:00:13 . Memory (MB): peak = 1179.469 ; gain = 276.102 ; free physical = 634 ; free virtual = 18736
Finished Handling Custom Attributes : Time (s): cpu = 00:00:13 ; elapsed = 00:00:13 . Memory (MB): peak = 1179.469 ; gain = 276.102 ; free physical = 634 ; free virtual = 18736
Finished Renaming Generated Nets : Time (s): cpu = 00:00:13 ; elapsed = 00:00:13 . Memory (MB): peak = 1179.469 ; gain = 276.102 ; free physical = 634 ; free virtual = 18736

Report Cell Usage: 
+-+-----+------+
| |Cell |Count |
+-+-----+------+
+-+-----+------+
Finished Writing Synthesis Report : Time (s): cpu = 00:00:13 ; elapsed = 00:00:13 . Memory (MB): peak = 1179.469 ; gain = 276.102 ; free physical = 634 ; free virtual = 18736
synth_design: Time (s): cpu = 00:00:12 ; elapsed = 00:00:12 . Memory (MB): peak = 1268.469 ; gain = 278.383 ; free physical = 550 ; free virtual = 18653
write_checkpoint: Time (s): cpu = 00:00:10 ; elapsed = 00:00:10 . Memory (MB): peak = 1687.004 ; gain = 418.535 ; free physical = 236 ; free virtual = 18338
