
*** Running vivado
    with args -log design_1_xlconstant_0_0.vds -m64 -product Vivado -mode batch -messageDb vivado.pb -notrace -source design_1_xlconstant_0_0.tcl


****** Vivado v2016.3 (64-bit)
  **** SW Build 1682563 on Mon Oct 10 19:07:26 MDT 2016
  **** IP Build 1681267 on Mon Oct 10 21:28:31 MDT 2016
    ** Copyright 1986-2016 Xilinx, Inc. All Rights Reserved.

source design_1_xlconstant_0_0.tcl -notrace
Starting Synthesize : Time (s): cpu = 00:00:08 ; elapsed = 00:00:08 . Memory (MB): peak = 1056.676 ; gain = 153.301 ; free physical = 396 ; free virtual = 17079
INFO: [Synth 8-638] synthesizing module 'design_1_xlconstant_0_0' [/home/stefan/PWM/PWM.srcs/sources_1/bd/design_1/ip/design_1_xlconstant_0_0/sim/design_1_xlconstant_0_0.vhd:35]
INFO: [Synth 8-638] synthesizing module 'xlconstant' [/home/stefan/PWM/PWM.srcs/sources_1/bd/design_1/ipshared/e147/xlconstant.vhd:36]
INFO: [Synth 8-256] done synthesizing module 'xlconstant' (1#1) [/home/stefan/PWM/PWM.srcs/sources_1/bd/design_1/ipshared/e147/xlconstant.vhd:36]
INFO: [Synth 8-256] done synthesizing module 'design_1_xlconstant_0_0' (2#1) [/home/stefan/PWM/PWM.srcs/sources_1/bd/design_1/ip/design_1_xlconstant_0_0/sim/design_1_xlconstant_0_0.vhd:35]
Finished Synthesize : Time (s): cpu = 00:00:09 ; elapsed = 00:00:09 . Memory (MB): peak = 1098.145 ; gain = 194.770 ; free physical = 354 ; free virtual = 17037
Finished Constraint Validation : Time (s): cpu = 00:00:09 ; elapsed = 00:00:09 . Memory (MB): peak = 1098.145 ; gain = 194.770 ; free physical = 353 ; free virtual = 17037
Finished Loading Part and Timing Information : Time (s): cpu = 00:00:09 ; elapsed = 00:00:09 . Memory (MB): peak = 1106.148 ; gain = 202.773 ; free physical = 353 ; free virtual = 17037
Finished RTL Optimization Phase 2 : Time (s): cpu = 00:00:09 ; elapsed = 00:00:09 . Memory (MB): peak = 1106.148 ; gain = 202.773 ; free physical = 353 ; free virtual = 17037
INFO: [Device 21-403] Loading part xc7z010clg225-1
Finished Cross Boundary and Area Optimization : Time (s): cpu = 00:00:12 ; elapsed = 00:00:13 . Memory (MB): peak = 1172.469 ; gain = 269.094 ; free physical = 295 ; free virtual = 16974
Finished Timing Optimization : Time (s): cpu = 00:00:12 ; elapsed = 00:00:13 . Memory (MB): peak = 1172.469 ; gain = 269.094 ; free physical = 295 ; free virtual = 16974
Finished Technology Mapping : Time (s): cpu = 00:00:12 ; elapsed = 00:00:13 . Memory (MB): peak = 1180.477 ; gain = 277.102 ; free physical = 288 ; free virtual = 16966
Finished IO Insertion : Time (s): cpu = 00:00:13 ; elapsed = 00:00:13 . Memory (MB): peak = 1180.477 ; gain = 277.102 ; free physical = 288 ; free virtual = 16966
Finished Renaming Generated Instances : Time (s): cpu = 00:00:13 ; elapsed = 00:00:13 . Memory (MB): peak = 1180.477 ; gain = 277.102 ; free physical = 288 ; free virtual = 16966
Finished Rebuilding User Hierarchy : Time (s): cpu = 00:00:13 ; elapsed = 00:00:13 . Memory (MB): peak = 1180.477 ; gain = 277.102 ; free physical = 288 ; free virtual = 16966
Finished Renaming Generated Ports : Time (s): cpu = 00:00:13 ; elapsed = 00:00:13 . Memory (MB): peak = 1180.477 ; gain = 277.102 ; free physical = 288 ; free virtual = 16966
Finished Handling Custom Attributes : Time (s): cpu = 00:00:13 ; elapsed = 00:00:13 . Memory (MB): peak = 1180.477 ; gain = 277.102 ; free physical = 288 ; free virtual = 16966
Finished Renaming Generated Nets : Time (s): cpu = 00:00:13 ; elapsed = 00:00:13 . Memory (MB): peak = 1180.477 ; gain = 277.102 ; free physical = 288 ; free virtual = 16966

Report Cell Usage: 
+-+-----+------+
| |Cell |Count |
+-+-----+------+
+-+-----+------+
Finished Writing Synthesis Report : Time (s): cpu = 00:00:13 ; elapsed = 00:00:13 . Memory (MB): peak = 1180.477 ; gain = 277.102 ; free physical = 288 ; free virtual = 16966
synth_design: Time (s): cpu = 00:00:12 ; elapsed = 00:00:12 . Memory (MB): peak = 1269.477 ; gain = 279.383 ; free physical = 205 ; free virtual = 16883
write_checkpoint: Time (s): cpu = 00:00:11 ; elapsed = 00:00:12 . Memory (MB): peak = 1688.012 ; gain = 418.535 ; free physical = 145 ; free virtual = 16558
