Copyright 1986-2016 Xilinx, Inc. All Rights Reserved.
-------------------------------------------------------------------------------------------
| Tool Version : Vivado v.2016.3 (lin64) Build 1682563 Mon Oct 10 19:07:26 MDT 2016
| Date         : Mon Dec 19 17:13:25 2016
| Host         : Leviathan running 64-bit Arch Linux
| Command      : report_clock_utilization -file unity_wrapper_clock_utilization_routed.rpt
| Design       : unity_wrapper
| Device       : 7z010-clg225
| Speed File   : -1  PRODUCTION 1.11 2014-09-11
-------------------------------------------------------------------------------------------

Clock Utilization Report

Table of Contents
-----------------
1. Clock Primitive Utilization
2. Global Clock Resources
3. Global Clock Source Details
4. Local Clock Details
5. Clock Regions: Key Resource Utilization
6. Clock Regions : Global Clock Summary
7. Cell Type Counts per Global Clock: Region X0Y0
8. Cell Type Counts per Global Clock: Region X1Y0
9. Cell Type Counts per Global Clock: Region X0Y1
10. Load Cell Placement Summary for Global Clock g0
11. Load Cell Placement Summary for Global Clock g1
12. Load Cell Placement Summary for Global Clock g2
13. Load Cell Placement Summary for Global Clock g3

1. Clock Primitive Utilization
------------------------------

+----------+------+-----------+-----+--------------+--------+
| Type     | Used | Available | LOC | Clock Region | Pblock |
+----------+------+-----------+-----+--------------+--------+
| BUFGCTRL |    4 |        32 |   0 |            0 |      0 |
| BUFH     |    0 |        48 |   0 |            0 |      0 |
| BUFIO    |    0 |         8 |   0 |            0 |      0 |
| BUFMR    |    0 |         4 |   0 |            0 |      0 |
| BUFR     |    0 |         8 |   0 |            0 |      0 |
| MMCM     |    1 |         2 |   0 |            0 |      0 |
| PLL      |    0 |         2 |   0 |            0 |      0 |
+----------+------+-----------+-----+--------------+--------+


2. Global Clock Resources
-------------------------

+-----------+-----------+-----------------+------------+---------------+--------------+------+-------------------+-------------------+-------------+-----------------+--------------+------------+-----------------------------------------------------------------------+----------------------------------------------+
| Global Id | Source Id | Driver Type/Pin | Constraint | Site          | Clock Region | Root | Clock Delay Group | Load Clock Region | Clock Loads | Non-Clock Loads | Clock Period | Clock      | Driver Pin                                                            | Net                                          |
+-----------+-----------+-----------------+------------+---------------+--------------+------+-------------------+-------------------+-------------+-----------------+--------------+------------+-----------------------------------------------------------------------+----------------------------------------------+
| g0        | src0      | BUFG/O          | None       | BUFGCTRL_X0Y1 | n/a          |      |                   |                 2 |         641 |               0 |       20.000 | unity_clk  | unity_i/unity_ctrl_0/U0/UNITY/unity_clk_BUFG_inst/O                   | unity_i/unity_ctrl_0/U0/UNITY/unity_clk_BUFG |
| g1        | src1      | BUFG/O          | None       | BUFGCTRL_X0Y2 | n/a          |      |                   |                 2 |         463 |              32 |        5.000 | clk_fpga_1 | unity_i/processing_system7_0/inst/buffer_fclk_clk_1.FCLK_CLK_1_BUFG/O | unity_i/processing_system7_0/inst/FCLK_CLK1  |
| g2        | src0      | BUFG/O          | None       | BUFGCTRL_X0Y3 | n/a          |      |                   |                 1 |          63 |               0 |       10.417 | clk_uart   | unity_i/unity_ctrl_0/U0/UNITY/clk_uart_BUFG_inst/O                    | unity_i/unity_ctrl_0/U0/UNITY/clk_uart_BUFG  |
| g3        | src1      | BUFG/O          | None       | BUFGCTRL_X0Y0 | n/a          |      |                   |                 1 |           1 |               0 |       20.000 | clk_fpga_0 | unity_i/processing_system7_0/inst/buffer_fclk_clk_0.FCLK_CLK_0_BUFG/O | unity_i/processing_system7_0/inst/FCLK_CLK0  |
+-----------+-----------+-----------------+------------+---------------+--------------+------+-------------------+-------------------+-------------+-----------------+--------------+------------+-----------------------------------------------------------------------+----------------------------------------------+
* Clock Loads column represents the clock pin loads (pin count)
** Non-Clock Loads column represents the non-clock pin loads (pin count)


3. Global Clock Source Details
------------------------------

+-----------+-----------+--------------------+------------+-----------------+--------------+-------------+-----------------+---------------------+--------------+--------------------------------------------------------------+----------------------------------------------------------+
| Source Id | Global Id | Driver Type/Pin    | Constraint | Site            | Clock Region | Clock Loads | Non-Clock Loads | Source Clock Period | Source Clock | Driver Pin                                                   | Net                                                      |
+-----------+-----------+--------------------+------------+-----------------+--------------+-------------+-----------------+---------------------+--------------+--------------------------------------------------------------+----------------------------------------------------------+
| src0      | g2        | MMCME2_ADV/CLKOUT0 | None       | MMCME2_ADV_X0Y0 | X1Y0         |           1 |               0 |              10.417 | clk_uart     | unity_i/unity_ctrl_0/U0/UNITY/ZYNQ_GEN.zynq_clk_mmcm/CLKOUT0 | unity_i/unity_ctrl_0/U0/UNITY/clk_uart                   |
| src0      | g0        | MMCME2_ADV/CLKOUT1 | None       | MMCME2_ADV_X0Y0 | X1Y0         |           1 |               0 |              20.000 | unity_clk    | unity_i/unity_ctrl_0/U0/UNITY/ZYNQ_GEN.zynq_clk_mmcm/CLKOUT1 | unity_i/unity_ctrl_0/U0/UNITY/unity_clk                  |
| src1      | g3        | PS7/FCLKCLK[0]     | PS7_X0Y0   | PS7_X0Y0        | X0Y1         |           1 |               0 |              20.000 | clk_fpga_0   | unity_i/processing_system7_0/inst/PS7_i/FCLKCLK[0]           | unity_i/processing_system7_0/inst/FCLK_CLK_unbuffered[0] |
| src1      | g1        | PS7/FCLKCLK[1]     | PS7_X0Y0   | PS7_X0Y0        | X0Y1         |           1 |               0 |               5.000 | clk_fpga_1   | unity_i/processing_system7_0/inst/PS7_i/FCLKCLK[1]           | unity_i/processing_system7_0/inst/FCLK_CLK_unbuffered[1] |
+-----------+-----------+--------------------+------------+-----------------+--------------+-------------+-----------------+---------------------+--------------+--------------------------------------------------------------+----------------------------------------------------------+
* Clock Loads column represents the clock pin loads (pin count)
** Non-Clock Loads column represents the non-clock pin loads (pin count)


4. Local Clock Details
----------------------

+----------+-----------------+------------+------------------+--------------+-------------+-----------------+--------------+-------+----------------------------------------------------------------------------+----------------------------------------------------------------------+
| Local Id | Driver Type/Pin | Constraint | Site/BEL         | Clock Region | Clock Loads | Non-Clock Loads | Clock Period | Clock | Driver Pin                                                                 | Net                                                                  |
+----------+-----------------+------------+------------------+--------------+-------------+-----------------+--------------+-------+----------------------------------------------------------------------------+----------------------------------------------------------------------+
| 0        | FDRE/Q          | None       | SLICE_X39Y22/AFF | X1Y0         |         412 |               1 |              |       | unity_i/PID_0/U0/scaled_CLK_reg/Q                                          | unity_i/PID_0/U0/scaled_CLK_reg_n_0                                  |
| 1        | FDRE/Q          | None       | SLICE_X34Y24/CFF | X1Y0         |          33 |               1 |              |       | unity_i/BLDC_MOTOR_CONTROL/PWM_generator_0/U0/scaled_CLK_reg/Q             | unity_i/BLDC_MOTOR_CONTROL/PWM_generator_0/U0/scaled_CLK             |
| 2        | FDRE/Q          | None       | SLICE_X38Y27/BFF | X1Y0         |          33 |               1 |              |       | unity_i/BLDC_MOTOR_CONTROL/STARTUP_PWM_MOD/STARTUP_PWM/U0/scaled_CLK_reg/Q | unity_i/BLDC_MOTOR_CONTROL/STARTUP_PWM_MOD/STARTUP_PWM/U0/scaled_CLK |
| 3        | FDRE/Q          | None       | SLICE_X33Y17/AFF | X1Y0         |           6 |               1 |              |       | unity_i/BLDC_MOTOR_CONTROL/OL_BLDC_Stepper_0/U0/scaled_CLK_reg/Q           | unity_i/BLDC_MOTOR_CONTROL/OL_BLDC_Stepper_0/U0/scaled_CLK           |
+----------+-----------------+------------+------------------+--------------+-------------+-----------------+--------------+-------+----------------------------------------------------------------------------+----------------------------------------------------------------------+
* Local Clocks in this context represents only clocks driven by non-global buffers
** Clock Loads column represents the clock pin loads (pin count)
*** Non-Clock Loads column represents the non-clock pin loads (pin count)


5. Clock Regions: Key Resource Utilization
------------------------------------------

+-------------------+--------------+--------------+--------------+--------------+--------------+--------------+--------------+--------------+--------------+--------------+--------------+--------------+--------------+--------------+--------------+
|                   | Global Clock |     BUFRs    |    BUFMRs    |    BUFIOs    |     MMCM     |      PLL     |      GT      |      PCI     |    ILOGIC    |    OLOGIC    |      FF      |     LUTM     |    RAMB18    |    RAMB36    |    DSP48E2   |
+-------------------+------+-------+------+-------+------+-------+------+-------+------+-------+------+-------+------+-------+------+-------+------+-------+------+-------+------+-------+------+-------+------+-------+------+-------+------+-------+
| Clock Region Name | Used | Avail | Used | Avail | Used | Avail | Used | Avail | Used | Avail | Used | Avail | Used | Avail | Used | Avail | Used | Avail | Used | Avail | Used | Avail | Used | Avail | Used | Avail | Used | Avail | Used | Avail |
+-------------------+------+-------+------+-------+------+-------+------+-------+------+-------+------+-------+------+-------+------+-------+------+-------+------+-------+------+-------+------+-------+------+-------+------+-------+------+-------+
| X0Y0              |    3 |    12 |    0 |     0 |    0 |     0 |    0 |     0 |    0 |     0 |    0 |     0 |    0 |     0 |    0 |     0 |    0 |     0 |    0 |     0 |  699 |  1100 |  201 |   400 |    0 |    20 |    0 |    10 |   12 |    20 |
| X1Y0              |    2 |    12 |    0 |     4 |    0 |     2 |    0 |     4 |    1 |     1 |    0 |     1 |    0 |     0 |    0 |     0 |    0 |    50 |    0 |    50 |  905 |  1100 |  320 |   350 |    0 |    40 |    1 |    20 |    2 |    20 |
| X0Y1              |    1 |    12 |    0 |     0 |    0 |     0 |    0 |     0 |    0 |     0 |    0 |     0 |    0 |     0 |    0 |     0 |    0 |     0 |    0 |     0 |    0 |  1100 |    0 |   400 |    0 |    20 |    0 |    10 |    4 |    20 |
| X1Y1              |    0 |    12 |    0 |     4 |    0 |     2 |    0 |     4 |    0 |     1 |    0 |     1 |    0 |     0 |    0 |     0 |    0 |    50 |    0 |    50 |    0 |  1100 |    0 |   350 |    0 |    40 |    0 |    20 |    0 |    20 |
+-------------------+------+-------+------+-------+------+-------+------+-------+------+-------+------+-------+------+-------+------+-------+------+-------+------+-------+------+-------+------+-------+------+-------+------+-------+------+-------+
* Global Clock column represents track count; while other columns represents cell counts


6. Clock Regions : Global Clock Summary
---------------------------------------

+----+----+----+
|    | X0 | X1 |
+----+----+----+
| Y1 |  1 |  0 |
| Y0 |  3 |  2 |
+----+----+----+


7. Cell Type Counts per Global Clock: Region X0Y0
-------------------------------------------------

+-----------+-------+-----------------+------------+-------------+-----------------+-----+--------+------+-----+----+------+-----+---------+----------------------------------------------+
| Global Id | Track | Driver Type/Pin | Constraint | Clock Loads | Non-Clock Loads | FF  | LUTRAM | RAMB | DSP | GT | MMCM | PLL | Hard IP | Net                                          |
+-----------+-------+-----------------+------------+-------------+-----------------+-----+--------+------+-----+----+------+-----+---------+----------------------------------------------+
| g0        | n/a   | BUFG/O          | None       |         276 |               0 | 276 |      0 |    0 |   0 |  0 |    0 |   0 |       0 | unity_i/unity_ctrl_0/U0/UNITY/unity_clk_BUFG |
| g1        | n/a   | BUFG/O          | None       |           0 |              32 |   0 |      0 |    0 |   0 |  0 |    0 |   0 |       0 | unity_i/processing_system7_0/inst/FCLK_CLK1  |
| g2        | n/a   | BUFG/O          | None       |          61 |               0 |  61 |      0 |    0 |   0 |  0 |    0 |   0 |       0 | unity_i/unity_ctrl_0/U0/UNITY/clk_uart_BUFG  |
+-----------+-------+-----------------+------------+-------------+-----------------+-----+--------+------+-----+----+------+-----+---------+----------------------------------------------+
* Clock Loads column represents the clock pin loads (pin count)
** Non-Clock Loads column represents the non-clock pin loads (pin count)
*** Columns FF, LUTRAM, RAMB through 'Hard IP' represents load cell counts


8. Cell Type Counts per Global Clock: Region X1Y0
-------------------------------------------------

+-----------+-------+-----------------+------------+-------------+-----------------+-----+--------+------+-----+----+------+-----+---------+----------------------------------------------+
| Global Id | Track | Driver Type/Pin | Constraint | Clock Loads | Non-Clock Loads | FF  | LUTRAM | RAMB | DSP | GT | MMCM | PLL | Hard IP | Net                                          |
+-----------+-------+-----------------+------------+-------------+-----------------+-----+--------+------+-----+----+------+-----+---------+----------------------------------------------+
| g0        | n/a   | BUFG/O          | None       |         340 |               0 | 339 |      0 |    1 |   0 |  0 |    0 |   0 |       0 | unity_i/unity_ctrl_0/U0/UNITY/unity_clk_BUFG |
| g1        | n/a   | BUFG/O          | None       |         463 |               0 | 462 |      0 |    0 |   0 |  0 |    1 |   0 |       0 | unity_i/processing_system7_0/inst/FCLK_CLK1  |
+-----------+-------+-----------------+------------+-------------+-----------------+-----+--------+------+-----+----+------+-----+---------+----------------------------------------------+
* Clock Loads column represents the clock pin loads (pin count)
** Non-Clock Loads column represents the non-clock pin loads (pin count)
*** Columns FF, LUTRAM, RAMB through 'Hard IP' represents load cell counts


9. Cell Type Counts per Global Clock: Region X0Y1
-------------------------------------------------

+-----------+-------+-----------------+------------+-------------+-----------------+----+--------+------+-----+----+------+-----+---------+---------------------------------------------+
| Global Id | Track | Driver Type/Pin | Constraint | Clock Loads | Non-Clock Loads | FF | LUTRAM | RAMB | DSP | GT | MMCM | PLL | Hard IP | Net                                         |
+-----------+-------+-----------------+------------+-------------+-----------------+----+--------+------+-----+----+------+-----+---------+---------------------------------------------+
| g3        | n/a   | BUFG/O          | None       |           1 |               0 |  0 |      0 |    0 |   0 |  0 |    0 |   0 |       0 | unity_i/processing_system7_0/inst/FCLK_CLK0 |
+-----------+-------+-----------------+------------+-------------+-----------------+----+--------+------+-----+----+------+-----+---------+---------------------------------------------+
* Clock Loads column represents the clock pin loads (pin count)
** Non-Clock Loads column represents the non-clock pin loads (pin count)
*** Columns FF, LUTRAM, RAMB through 'Hard IP' represents load cell counts


10. Load Cell Placement Summary for Global Clock g0
---------------------------------------------------

+-----------+-----------------+-------------------+-----------+-------------+----------------+----------+-------------+----------+----------------+----------+----------------------------------------------+
| Global Id | Driver Type/Pin | Driver Region (D) | Clock     | Period (ns) | Waveform (ns)  | Root (R) | Slice Loads | IO Loads | Clocking Loads | GT Loads | Net                                          |
+-----------+-----------------+-------------------+-----------+-------------+----------------+----------+-------------+----------+----------------+----------+----------------------------------------------+
| g0        | BUFG/O          | n/a               | unity_clk |      20.000 | {0.000 10.000} |          |         616 |        0 |              0 |        0 | unity_i/unity_ctrl_0/U0/UNITY/unity_clk_BUFG |
+-----------+-----------------+-------------------+-----------+-------------+----------------+----------+-------------+----------+----------------+----------+----------------------------------------------+
* Slice Loads column represents load cell count of all cell types other than IO, GT and clock resources
** IO Loads column represents load cell count of IO types
*** Clocking Loads column represents load cell count that are clock resources (global clock buffer, MMCM, PLL, etc)
**** GT Loads column represents load cell count of GT types


+----+------+------+
|    | X0   | X1   |
+----+------+------+
| Y1 |    0 |    0 |
| Y0 |  276 |  340 |
+----+------+------+


11. Load Cell Placement Summary for Global Clock g1
---------------------------------------------------

+-----------+-----------------+-------------------+------------+-------------+---------------+----------+-------------+----------+----------------+----------+---------------------------------------------+
| Global Id | Driver Type/Pin | Driver Region (D) | Clock      | Period (ns) | Waveform (ns) | Root (R) | Slice Loads | IO Loads | Clocking Loads | GT Loads | Net                                         |
+-----------+-----------------+-------------------+------------+-------------+---------------+----------+-------------+----------+----------------+----------+---------------------------------------------+
| g1        | BUFG/O          | n/a               | clk_fpga_1 |       5.000 | {0.000 2.500} |          |         494 |        0 |              1 |        0 | unity_i/processing_system7_0/inst/FCLK_CLK1 |
+-----------+-----------------+-------------------+------------+-------------+---------------+----------+-------------+----------+----------------+----------+---------------------------------------------+
* Slice Loads column represents load cell count of all cell types other than IO, GT and clock resources
** IO Loads column represents load cell count of IO types
*** Clocking Loads column represents load cell count that are clock resources (global clock buffer, MMCM, PLL, etc)
**** GT Loads column represents load cell count of GT types


+----+-----+------+
|    | X0  | X1   |
+----+-----+------+
| Y1 |   0 |    0 |
| Y0 |  32 |  463 |
+----+-----+------+


12. Load Cell Placement Summary for Global Clock g2
---------------------------------------------------

+-----------+-----------------+-------------------+----------+-------------+---------------+----------+-------------+----------+----------------+----------+---------------------------------------------+
| Global Id | Driver Type/Pin | Driver Region (D) | Clock    | Period (ns) | Waveform (ns) | Root (R) | Slice Loads | IO Loads | Clocking Loads | GT Loads | Net                                         |
+-----------+-----------------+-------------------+----------+-------------+---------------+----------+-------------+----------+----------------+----------+---------------------------------------------+
| g2        | BUFG/O          | n/a               | clk_uart |      10.417 | {0.000 5.208} |          |          61 |        0 |              0 |        0 | unity_i/unity_ctrl_0/U0/UNITY/clk_uart_BUFG |
+-----------+-----------------+-------------------+----------+-------------+---------------+----------+-------------+----------+----------------+----------+---------------------------------------------+
* Slice Loads column represents load cell count of all cell types other than IO, GT and clock resources
** IO Loads column represents load cell count of IO types
*** Clocking Loads column represents load cell count that are clock resources (global clock buffer, MMCM, PLL, etc)
**** GT Loads column represents load cell count of GT types


+----+-----+----+
|    | X0  | X1 |
+----+-----+----+
| Y1 |   0 |  0 |
| Y0 |  61 |  0 |
+----+-----+----+


13. Load Cell Placement Summary for Global Clock g3
---------------------------------------------------

+-----------+-----------------+-------------------+------------+-------------+----------------+----------+-------------+----------+----------------+----------+---------------------------------------------+
| Global Id | Driver Type/Pin | Driver Region (D) | Clock      | Period (ns) | Waveform (ns)  | Root (R) | Slice Loads | IO Loads | Clocking Loads | GT Loads | Net                                         |
+-----------+-----------------+-------------------+------------+-------------+----------------+----------+-------------+----------+----------------+----------+---------------------------------------------+
| g3        | BUFG/O          | n/a               | clk_fpga_0 |      20.000 | {0.000 10.000} |          |           1 |        0 |              0 |        0 | unity_i/processing_system7_0/inst/FCLK_CLK0 |
+-----------+-----------------+-------------------+------------+-------------+----------------+----------+-------------+----------+----------------+----------+---------------------------------------------+
* Slice Loads column represents load cell count of all cell types other than IO, GT and clock resources
** IO Loads column represents load cell count of IO types
*** Clocking Loads column represents load cell count that are clock resources (global clock buffer, MMCM, PLL, etc)
**** GT Loads column represents load cell count of GT types


+----+----+----+
|    | X0 | X1 |
+----+----+----+
| Y1 |  1 |  0 |
| Y0 |  0 |  0 |
+----+----+----+



# Location of BUFG Primitives 
set_property LOC BUFGCTRL_X0Y1 [get_cells unity_i/unity_ctrl_0/U0/UNITY/unity_clk_BUFG_inst]
set_property LOC BUFGCTRL_X0Y3 [get_cells unity_i/unity_ctrl_0/U0/UNITY/clk_uart_BUFG_inst]
set_property LOC BUFGCTRL_X0Y2 [get_cells unity_i/processing_system7_0/inst/buffer_fclk_clk_1.FCLK_CLK_1_BUFG]
set_property LOC BUFGCTRL_X0Y0 [get_cells unity_i/processing_system7_0/inst/buffer_fclk_clk_0.FCLK_CLK_0_BUFG]

# Location of IO Primitives which is load of clock spine

# Location of clock ports

# Clock net "unity_i/unity_ctrl_0/U0/UNITY/unity_clk_BUFG" driven by instance "unity_i/unity_ctrl_0/U0/UNITY/unity_clk_BUFG_inst" located at site "BUFGCTRL_X0Y1"
#startgroup
create_pblock {CLKAG_unity_i/unity_ctrl_0/U0/UNITY/unity_clk_BUFG}
add_cells_to_pblock [get_pblocks  {CLKAG_unity_i/unity_ctrl_0/U0/UNITY/unity_clk_BUFG}] [get_cells -filter { PRIMITIVE_GROUP != I/O && IS_PRIMITIVE==1 && PRIMITIVE_LEVEL !=INTERNAL } -of_object [get_pins -filter {DIRECTION==IN} -of_objects [get_nets -hierarchical -filter {PARENT=="unity_i/unity_ctrl_0/U0/UNITY/unity_clk_BUFG"}]]]
resize_pblock [get_pblocks {CLKAG_unity_i/unity_ctrl_0/U0/UNITY/unity_clk_BUFG}] -add {CLOCKREGION_X0Y0:CLOCKREGION_X0Y0 CLOCKREGION_X1Y0:CLOCKREGION_X1Y0}
#endgroup

# Clock net "unity_i/unity_ctrl_0/U0/UNITY/clk_uart_BUFG" driven by instance "unity_i/unity_ctrl_0/U0/UNITY/clk_uart_BUFG_inst" located at site "BUFGCTRL_X0Y3"
#startgroup
create_pblock {CLKAG_unity_i/unity_ctrl_0/U0/UNITY/clk_uart_BUFG}
add_cells_to_pblock [get_pblocks  {CLKAG_unity_i/unity_ctrl_0/U0/UNITY/clk_uart_BUFG}] [get_cells -filter { PRIMITIVE_GROUP != I/O && IS_PRIMITIVE==1 && PRIMITIVE_LEVEL !=INTERNAL } -of_object [get_pins -filter {DIRECTION==IN} -of_objects [get_nets -hierarchical -filter {PARENT=="unity_i/unity_ctrl_0/U0/UNITY/clk_uart_BUFG"}]]]
resize_pblock [get_pblocks {CLKAG_unity_i/unity_ctrl_0/U0/UNITY/clk_uart_BUFG}] -add {CLOCKREGION_X0Y0:CLOCKREGION_X0Y0}
#endgroup

# Clock net "unity_i/processing_system7_0/inst/FCLK_CLK1" driven by instance "unity_i/processing_system7_0/inst/buffer_fclk_clk_1.FCLK_CLK_1_BUFG" located at site "BUFGCTRL_X0Y2"
#startgroup
create_pblock {CLKAG_unity_i/processing_system7_0/inst/FCLK_CLK1}
add_cells_to_pblock [get_pblocks  {CLKAG_unity_i/processing_system7_0/inst/FCLK_CLK1}] [get_cells -filter { PRIMITIVE_GROUP != I/O && IS_PRIMITIVE==1 && PRIMITIVE_LEVEL !=INTERNAL && NAME!=unity_i/unity_ctrl_0/U0/UNITY/ZYNQ_GEN.zynq_clk_mmcm} -of_object [get_pins -filter {DIRECTION==IN} -of_objects [get_nets -hierarchical -filter {PARENT=="unity_i/processing_system7_0/inst/FCLK_CLK1"}]]]
resize_pblock [get_pblocks {CLKAG_unity_i/processing_system7_0/inst/FCLK_CLK1}] -add {CLOCKREGION_X0Y0:CLOCKREGION_X0Y0 CLOCKREGION_X1Y0:CLOCKREGION_X1Y0}
#endgroup

# Clock net "unity_i/processing_system7_0/inst/FCLK_CLK0" driven by instance "unity_i/processing_system7_0/inst/buffer_fclk_clk_0.FCLK_CLK_0_BUFG" located at site "BUFGCTRL_X0Y0"
#startgroup
create_pblock {CLKAG_unity_i/processing_system7_0/inst/FCLK_CLK0}
add_cells_to_pblock [get_pblocks  {CLKAG_unity_i/processing_system7_0/inst/FCLK_CLK0}] [get_cells -filter { PRIMITIVE_GROUP != I/O && IS_PRIMITIVE==1 && PRIMITIVE_LEVEL !=INTERNAL } -of_object [get_pins -filter {DIRECTION==IN} -of_objects [get_nets -hierarchical -filter {PARENT=="unity_i/processing_system7_0/inst/FCLK_CLK0"}]]]
resize_pblock [get_pblocks {CLKAG_unity_i/processing_system7_0/inst/FCLK_CLK0}] -add {CLOCKREGION_X0Y1:CLOCKREGION_X0Y1}
#endgroup
