
*** Running vivado
    with args -log design_1_Rotary_Encoder_0_0.vds -m64 -product Vivado -mode batch -messageDb vivado.pb -notrace -source design_1_Rotary_Encoder_0_0.tcl


****** Vivado v2016.3 (64-bit)
  **** SW Build 1682563 on Mon Oct 10 19:07:26 MDT 2016
  **** IP Build 1681267 on Mon Oct 10 21:28:31 MDT 2016
    ** Copyright 1986-2016 Xilinx, Inc. All Rights Reserved.

source design_1_Rotary_Encoder_0_0.tcl -notrace
Command: synth_design -top design_1_Rotary_Encoder_0_0 -part xc7z010clg225-1 -mode out_of_context
Starting synth_design
Attempting to get a license for feature 'Synthesis' and/or device 'xc7z010'
INFO: [Common 17-349] Got license for feature 'Synthesis' and/or device 'xc7z010'
INFO: Launching helper process for spawning children vivado processes
INFO: Helper process launched with PID 30998 
---------------------------------------------------------------------------------
Starting Synthesize : Time (s): cpu = 00:00:09 ; elapsed = 00:00:09 . Memory (MB): peak = 1063.668 ; gain = 160.301 ; free physical = 671 ; free virtual = 17771
---------------------------------------------------------------------------------
INFO: [Synth 8-638] synthesizing module 'design_1_Rotary_Encoder_0_0' [/home/stefan/PWM/PWM.srcs/sources_1/bd/design_1/ip/design_1_Rotary_Encoder_0_0/synth/design_1_Rotary_Encoder_0_0.vhd:67]
INFO: [Synth 8-3491] module 'Rotary_Encoder' declared at '/home/stefan/PWM/PWM.srcs/sources_1/new/Rotary_Encoder.vhd:34' bound to instance 'U0' of component 'Rotary_Encoder' [/home/stefan/PWM/PWM.srcs/sources_1/bd/design_1/ip/design_1_Rotary_Encoder_0_0/synth/design_1_Rotary_Encoder_0_0.vhd:87]
INFO: [Synth 8-638] synthesizing module 'Rotary_Encoder' [/home/stefan/PWM/PWM.srcs/sources_1/new/Rotary_Encoder.vhd:43]
INFO: [Synth 8-226] default block is never used [/home/stefan/PWM/PWM.srcs/sources_1/new/Rotary_Encoder.vhd:58]
INFO: [Synth 8-256] done synthesizing module 'Rotary_Encoder' (1#1) [/home/stefan/PWM/PWM.srcs/sources_1/new/Rotary_Encoder.vhd:43]
INFO: [Synth 8-256] done synthesizing module 'design_1_Rotary_Encoder_0_0' (2#1) [/home/stefan/PWM/PWM.srcs/sources_1/bd/design_1/ip/design_1_Rotary_Encoder_0_0/synth/design_1_Rotary_Encoder_0_0.vhd:67]
---------------------------------------------------------------------------------
Finished Synthesize : Time (s): cpu = 00:00:10 ; elapsed = 00:00:10 . Memory (MB): peak = 1104.137 ; gain = 200.770 ; free physical = 627 ; free virtual = 17728
---------------------------------------------------------------------------------
---------------------------------------------------------------------------------
Finished Constraint Validation : Time (s): cpu = 00:00:10 ; elapsed = 00:00:10 . Memory (MB): peak = 1104.137 ; gain = 200.770 ; free physical = 627 ; free virtual = 17728
---------------------------------------------------------------------------------
---------------------------------------------------------------------------------
Start Loading Part and Timing Information
---------------------------------------------------------------------------------
Loading part: xc7z010clg225-1
---------------------------------------------------------------------------------
Finished Loading Part and Timing Information : Time (s): cpu = 00:00:10 ; elapsed = 00:00:10 . Memory (MB): peak = 1112.141 ; gain = 208.773 ; free physical = 627 ; free virtual = 17728
---------------------------------------------------------------------------------
INFO: [Device 21-403] Loading part xc7z010clg225-1
---------------------------------------------------------------------------------
Finished RTL Optimization Phase 2 : Time (s): cpu = 00:00:10 ; elapsed = 00:00:10 . Memory (MB): peak = 1120.148 ; gain = 216.781 ; free physical = 620 ; free virtual = 17721
---------------------------------------------------------------------------------

Report RTL Partitions: 
+-+--------------+------------+----------+
| |RTL Partition |Replication |Instances |
+-+--------------+------------+----------+
+-+--------------+------------+----------+
No constraint files found.
---------------------------------------------------------------------------------
Start RTL Component Statistics 
---------------------------------------------------------------------------------
Detailed RTL Component Info : 
+---Registers : 
	                2 Bit    Registers := 1     
	                1 Bit    Registers := 2     
+---Muxes : 
	   3 Input      1 Bit        Muxes := 4     
	   6 Input      1 Bit        Muxes := 2     
---------------------------------------------------------------------------------
Finished RTL Component Statistics 
---------------------------------------------------------------------------------
---------------------------------------------------------------------------------
Start RTL Hierarchical Component Statistics 
---------------------------------------------------------------------------------
Hierarchical RTL Component report 
Module Rotary_Encoder 
Detailed RTL Component Info : 
+---Registers : 
	                2 Bit    Registers := 1     
	                1 Bit    Registers := 2     
+---Muxes : 
	   3 Input      1 Bit        Muxes := 4     
	   6 Input      1 Bit        Muxes := 2     
---------------------------------------------------------------------------------
Finished RTL Hierarchical Component Statistics
---------------------------------------------------------------------------------
---------------------------------------------------------------------------------
Start Part Resource Summary
---------------------------------------------------------------------------------
Part Resources:
DSPs: 80 (col length:40)
BRAMs: 120 (col length: RAMB18 40 RAMB36 20)
---------------------------------------------------------------------------------
Finished Part Resource Summary
---------------------------------------------------------------------------------
No constraint files found.
---------------------------------------------------------------------------------
Start Cross Boundary and Area Optimization
---------------------------------------------------------------------------------
---------------------------------------------------------------------------------
Finished Cross Boundary and Area Optimization : Time (s): cpu = 00:00:14 ; elapsed = 00:00:14 . Memory (MB): peak = 1205.484 ; gain = 302.117 ; free physical = 516 ; free virtual = 17632
---------------------------------------------------------------------------------

Report RTL Partitions: 
+-+--------------+------------+----------+
| |RTL Partition |Replication |Instances |
+-+--------------+------------+----------+
+-+--------------+------------+----------+
---------------------------------------------------------------------------------
Start Timing Optimization
---------------------------------------------------------------------------------
No constraint files found.
---------------------------------------------------------------------------------
Finished Timing Optimization : Time (s): cpu = 00:00:14 ; elapsed = 00:00:14 . Memory (MB): peak = 1205.484 ; gain = 302.117 ; free physical = 516 ; free virtual = 17632
---------------------------------------------------------------------------------

Report RTL Partitions: 
+-+--------------+------------+----------+
| |RTL Partition |Replication |Instances |
+-+--------------+------------+----------+
+-+--------------+------------+----------+
---------------------------------------------------------------------------------
Start Technology Mapping
---------------------------------------------------------------------------------
---------------------------------------------------------------------------------
Finished Technology Mapping : Time (s): cpu = 00:00:14 ; elapsed = 00:00:14 . Memory (MB): peak = 1213.492 ; gain = 310.125 ; free physical = 508 ; free virtual = 17624
---------------------------------------------------------------------------------

Report RTL Partitions: 
+-+--------------+------------+----------+
| |RTL Partition |Replication |Instances |
+-+--------------+------------+----------+
+-+--------------+------------+----------+
---------------------------------------------------------------------------------
Start IO Insertion
---------------------------------------------------------------------------------
---------------------------------------------------------------------------------
Start Flattening Before IO Insertion
---------------------------------------------------------------------------------
---------------------------------------------------------------------------------
Finished Flattening Before IO Insertion
---------------------------------------------------------------------------------
---------------------------------------------------------------------------------
Start Final Netlist Cleanup
---------------------------------------------------------------------------------
---------------------------------------------------------------------------------
Finished Final Netlist Cleanup
---------------------------------------------------------------------------------
---------------------------------------------------------------------------------
Finished IO Insertion : Time (s): cpu = 00:00:14 ; elapsed = 00:00:14 . Memory (MB): peak = 1213.492 ; gain = 310.125 ; free physical = 508 ; free virtual = 17624
---------------------------------------------------------------------------------

Report Check Netlist: 
+------+------------------+-------+---------+-------+------------------+
|      |Item              |Errors |Warnings |Status |Description       |
+------+------------------+-------+---------+-------+------------------+
|1     |multi_driven_nets |      0|        0|Passed |Multi driven nets |
+------+------------------+-------+---------+-------+------------------+
---------------------------------------------------------------------------------
Start Renaming Generated Instances
---------------------------------------------------------------------------------
---------------------------------------------------------------------------------
Finished Renaming Generated Instances : Time (s): cpu = 00:00:14 ; elapsed = 00:00:14 . Memory (MB): peak = 1213.492 ; gain = 310.125 ; free physical = 508 ; free virtual = 17624
---------------------------------------------------------------------------------

Report RTL Partitions: 
+-+--------------+------------+----------+
| |RTL Partition |Replication |Instances |
+-+--------------+------------+----------+
+-+--------------+------------+----------+
---------------------------------------------------------------------------------
Start Rebuilding User Hierarchy
---------------------------------------------------------------------------------
---------------------------------------------------------------------------------
Finished Rebuilding User Hierarchy : Time (s): cpu = 00:00:14 ; elapsed = 00:00:14 . Memory (MB): peak = 1213.492 ; gain = 310.125 ; free physical = 508 ; free virtual = 17624
---------------------------------------------------------------------------------
---------------------------------------------------------------------------------
Start Renaming Generated Ports
---------------------------------------------------------------------------------
---------------------------------------------------------------------------------
Finished Renaming Generated Ports : Time (s): cpu = 00:00:14 ; elapsed = 00:00:14 . Memory (MB): peak = 1213.492 ; gain = 310.125 ; free physical = 508 ; free virtual = 17624
---------------------------------------------------------------------------------
---------------------------------------------------------------------------------
Start Handling Custom Attributes
---------------------------------------------------------------------------------
---------------------------------------------------------------------------------
Finished Handling Custom Attributes : Time (s): cpu = 00:00:14 ; elapsed = 00:00:14 . Memory (MB): peak = 1213.492 ; gain = 310.125 ; free physical = 508 ; free virtual = 17624
---------------------------------------------------------------------------------
---------------------------------------------------------------------------------
Start Renaming Generated Nets
---------------------------------------------------------------------------------
---------------------------------------------------------------------------------
Finished Renaming Generated Nets : Time (s): cpu = 00:00:14 ; elapsed = 00:00:14 . Memory (MB): peak = 1213.492 ; gain = 310.125 ; free physical = 508 ; free virtual = 17624
---------------------------------------------------------------------------------
---------------------------------------------------------------------------------
Start Writing Synthesis Report
---------------------------------------------------------------------------------

Report BlackBoxes: 
+-+--------------+----------+
| |BlackBox name |Instances |
+-+--------------+----------+
+-+--------------+----------+

Report Cell Usage: 
+------+-----+------+
|      |Cell |Count |
+------+-----+------+
|1     |LUT5 |     2|
|2     |FDRE |     4|
+------+-----+------+

Report Instance Areas: 
+------+---------+---------------+------+
|      |Instance |Module         |Cells |
+------+---------+---------------+------+
|1     |top      |               |     6|
|2     |  U0     |Rotary_Encoder |     6|
+------+---------+---------------+------+
---------------------------------------------------------------------------------
Finished Writing Synthesis Report : Time (s): cpu = 00:00:14 ; elapsed = 00:00:14 . Memory (MB): peak = 1213.492 ; gain = 310.125 ; free physical = 508 ; free virtual = 17624
---------------------------------------------------------------------------------
Synthesis finished with 0 errors, 0 critical warnings and 0 warnings.
Synthesis Optimization Runtime : Time (s): cpu = 00:00:11 ; elapsed = 00:00:11 . Memory (MB): peak = 1213.492 ; gain = 210.824 ; free physical = 508 ; free virtual = 17624
Synthesis Optimization Complete : Time (s): cpu = 00:00:14 ; elapsed = 00:00:14 . Memory (MB): peak = 1213.500 ; gain = 310.133 ; free physical = 508 ; free virtual = 17624
INFO: [Project 1-571] Translating synthesized netlist
INFO: [Project 1-570] Preparing netlist for logic optimization
INFO: [Opt 31-138] Pushed 0 inverter(s) to 0 load pin(s).
INFO: [Project 1-111] Unisim Transformation Summary:
No Unisim elements were transformed.

INFO: [Common 17-83] Releasing license: Synthesis
17 Infos, 0 Warnings, 0 Critical Warnings and 0 Errors encountered.
synth_design completed successfully
synth_design: Time (s): cpu = 00:00:13 ; elapsed = 00:00:13 . Memory (MB): peak = 1342.520 ; gain = 352.434 ; free physical = 441 ; free virtual = 17552
INFO: [Timing 38-35] Done setting XDC timing constraints.
INFO: [Common 17-1381] The checkpoint '/home/stefan/PWM/PWM.runs/design_1_Rotary_Encoder_0_0_synth_1/design_1_Rotary_Encoder_0_0.dcp' has been generated.
write_checkpoint: Time (s): cpu = 00:00:10 ; elapsed = 00:00:10 . Memory (MB): peak = 1778.055 ; gain = 435.535 ; free physical = 158 ; free virtual = 17220
INFO: [Common 17-1381] The checkpoint '/home/stefan/PWM/PWM.runs/design_1_Rotary_Encoder_0_0_synth_1/design_1_Rotary_Encoder_0_0.dcp' has been generated.
report_utilization: Time (s): cpu = 00:00:00.02 ; elapsed = 00:00:00.06 . Memory (MB): peak = 1779.055 ; gain = 0.000 ; free physical = 154 ; free virtual = 17216
INFO: [Common 17-206] Exiting Vivado at Tue Nov 15 20:24:44 2016...
